[2025-10-08 06:10:54] local.ERROR: SQLSTATE[42S22]: Column not found: 1054 Unknown column 'phone' in 'where clause' (SQL: select count(*) as aggregate from `users` where `phone` = 08100001121) {"exception":"[object] (Illuminate\\Database\\QueryException(code: 42S22): SQLSTATE[42S22]: Column not found: 1054 Unknown column 'phone' in 'where clause' (SQL: select count(*) as aggregate from `users` where `phone` = 08100001121) at /opt/lampp/htdocs/tope/terrain/vendor/laravel/framework/src/Illuminate/Database/Connection.php:712)
[stacktrace]
#0 /opt/lampp/htdocs/tope/terrain/vendor/laravel/framework/src/Illuminate/Database/Connection.php(672): Illuminate\\Database\\Connection->runQueryCallback()
#1 /opt/lampp/htdocs/tope/terrain/vendor/laravel/framework/src/Illuminate/Database/Connection.php(359): Illuminate\\Database\\Connection->run()
#2 /opt/lampp/htdocs/tope/terrain/vendor/laravel/framework/src/Illuminate/Database/Query/Builder.php(2413): Illuminate\\Database\\Connection->select()
#3 /opt/lampp/htdocs/tope/terrain/vendor/laravel/framework/src/Illuminate/Database/Query/Builder.php(2402): Illuminate\\Database\\Query\\Builder->runSelect()
#4 /opt/lampp/htdocs/tope/terrain/vendor/laravel/framework/src/Illuminate/Database/Query/Builder.php(2936): Illuminate\\Database\\Query\\Builder->Illuminate\\Database\\Query\\{closure}()
#5 /opt/lampp/htdocs/tope/terrain/vendor/laravel/framework/src/Illuminate/Database/Query/Builder.php(2401): Illuminate\\Database\\Query\\Builder->onceWithColumns()
#6 /opt/lampp/htdocs/tope/terrain/vendor/laravel/framework/src/Illuminate/Database/Query/Builder.php(2863): Illuminate\\Database\\Query\\Builder->get()
#7 /opt/lampp/htdocs/tope/terrain/vendor/laravel/framework/src/Illuminate/Database/Query/Builder.php(2791): Illuminate\\Database\\Query\\Builder->aggregate()
#8 /opt/lampp/htdocs/tope/terrain/vendor/laravel/framework/src/Illuminate/Validation/DatabasePresenceVerifier.php(55): Illuminate\\Database\\Query\\Builder->count()
#9 /opt/lampp/htdocs/tope/terrain/vendor/laravel/framework/src/Illuminate/Validation/Concerns/ValidatesAttributes.php(855): Illuminate\\Validation\\DatabasePresenceVerifier->getCount()
#10 /opt/lampp/htdocs/tope/terrain/vendor/laravel/framework/src/Illuminate/Validation/Validator.php(610): Illuminate\\Validation\\Validator->validateUnique()
#11 /opt/lampp/htdocs/tope/terrain/vendor/laravel/framework/src/Illuminate/Validation/Validator.php(416): Illuminate\\Validation\\Validator->validateAttribute()
#12 /opt/lampp/htdocs/tope/terrain/vendor/laravel/framework/src/Illuminate/Validation/Validator.php(447): Illuminate\\Validation\\Validator->passes()
#13 /opt/lampp/htdocs/tope/terrain/vendor/laravel/framework/src/Illuminate/Validation/Validator.php(489): Illuminate\\Validation\\Validator->fails()
#14 /opt/lampp/htdocs/tope/terrain/app/Actions/Fortify/CreateNewUser.php(48): Illuminate\\Validation\\Validator->validate()
#15 /opt/lampp/htdocs/tope/terrain/vendor/laravel/fortify/src/Http/Controllers/RegisteredUserController.php(62): App\\Actions\\Fortify\\CreateNewUser->create()
#16 /opt/lampp/htdocs/tope/terrain/vendor/laravel/framework/src/Illuminate/Routing/Controller.php(54): Laravel\\Fortify\\Http\\Controllers\\RegisteredUserController->store()
#17 /opt/lampp/htdocs/tope/terrain/vendor/laravel/framework/src/Illuminate/Routing/ControllerDispatcher.php(45): Illuminate\\Routing\\Controller->callAction()
#18 /opt/lampp/htdocs/tope/terrain/vendor/laravel/framework/src/Illuminate/Routing/Route.php(261): Illuminate\\Routing\\ControllerDispatcher->dispatch()
#19 /opt/lampp/htdocs/tope/terrain/vendor/laravel/framework/src/Illuminate/Routing/Route.php(205): Illuminate\\Routing\\Route->runController()
#20 /opt/lampp/htdocs/tope/terrain/vendor/laravel/framework/src/Illuminate/Routing/Router.php(721): Illuminate\\Routing\\Route->run()
#21 /opt/lampp/htdocs/tope/terrain/vendor/laravel/framework/src/Illuminate/Pipeline/Pipeline.php(128): Illuminate\\Routing\\Router->Illuminate\\Routing\\{closure}()
#22 /opt/lampp/htdocs/tope/terrain/app/Http/Middleware/RedirectIfAuthenticated.php(30): Illuminate\\Pipeline\\Pipeline->Illuminate\\Pipeline\\{closure}()
#23 /opt/lampp/htdocs/tope/terrain/vendor/laravel/framework/src/Illuminate/Pipeline/Pipeline.php(167): App\\Http\\Middleware\\RedirectIfAuthenticated->handle()
#24 /opt/lampp/htdocs/tope/terrain/vendor/laravel/framework/src/Illuminate/Routing/Middleware/SubstituteBindings.php(50): Illuminate\\Pipeline\\Pipeline->Illuminate\\Pipeline\\{closure}()
#25 /opt/lampp/htdocs/tope/terrain/vendor/laravel/framework/src/Illuminate/Pipeline/Pipeline.php(167): Illuminate\\Routing\\Middleware\\SubstituteBindings->handle()
#26 /opt/lampp/htdocs/tope/terrain/vendor/laravel/framework/src/Illuminate/Foundation/Http/Middleware/VerifyCsrfToken.php(78): Illuminate\\Pipeline\\Pipeline->Illuminate\\Pipeline\\{closure}()
#27 /opt/lampp/htdocs/tope/terrain/vendor/laravel/framework/src/Illuminate/Pipeline/Pipeline.php(167): Illuminate\\Foundation\\Http\\Middleware\\VerifyCsrfToken->handle()
#28 /opt/lampp/htdocs/tope/terrain/vendor/laravel/framework/src/Illuminate/View/Middleware/ShareErrorsFromSession.php(49): Illuminate\\Pipeline\\Pipeline->Illuminate\\Pipeline\\{closure}()
#29 /opt/lampp/htdocs/tope/terrain/vendor/laravel/framework/src/Illuminate/Pipeline/Pipeline.php(167): Illuminate\\View\\Middleware\\ShareErrorsFromSession->handle()
#30 /opt/lampp/htdocs/tope/terrain/vendor/laravel/framework/src/Illuminate/Session/Middleware/StartSession.php(121): Illuminate\\Pipeline\\Pipeline->Illuminate\\Pipeline\\{closure}()
#31 /opt/lampp/htdocs/tope/terrain/vendor/laravel/framework/src/Illuminate/Session/Middleware/StartSession.php(64): Illuminate\\Session\\Middleware\\StartSession->handleStatefulRequest()
#32 /opt/lampp/htdocs/tope/terrain/vendor/laravel/framework/src/Illuminate/Pipeline/Pipeline.php(167): Illuminate\\Session\\Middleware\\StartSession->handle()
#33 /opt/lampp/htdocs/tope/terrain/vendor/laravel/framework/src/Illuminate/Cookie/Middleware/AddQueuedCookiesToResponse.php(37): Illuminate\\Pipeline\\Pipeline->Illuminate\\Pipeline\\{closure}()
#34 /opt/lampp/htdocs/tope/terrain/vendor/laravel/framework/src/Illuminate/Pipeline/Pipeline.php(167): Illuminate\\Cookie\\Middleware\\AddQueuedCookiesToResponse->handle()
#35 /opt/lampp/htdocs/tope/terrain/vendor/laravel/framework/src/Illuminate/Cookie/Middleware/EncryptCookies.php(67): Illuminate\\Pipeline\\Pipeline->Illuminate\\Pipeline\\{closure}()
#36 /opt/lampp/htdocs/tope/terrain/vendor/laravel/framework/src/Illuminate/Pipeline/Pipeline.php(167): Illuminate\\Cookie\\Middleware\\EncryptCookies->handle()
#37 /opt/lampp/htdocs/tope/terrain/vendor/laravel/framework/src/Illuminate/Pipeline/Pipeline.php(103): Illuminate\\Pipeline\\Pipeline->Illuminate\\Pipeline\\{closure}()
#38 /opt/lampp/htdocs/tope/terrain/vendor/laravel/framework/src/Illuminate/Routing/Router.php(719): Illuminate\\Pipeline\\Pipeline->then()
#39 /opt/lampp/htdocs/tope/terrain/vendor/laravel/framework/src/Illuminate/Routing/Router.php(698): Illuminate\\Routing\\Router->runRouteWithinStack()
#40 /opt/lampp/htdocs/tope/terrain/vendor/laravel/framework/src/Illuminate/Routing/Router.php(662): Illuminate\\Routing\\Router->runRoute()
#41 /opt/lampp/htdocs/tope/terrain/vendor/laravel/framework/src/Illuminate/Routing/Router.php(651): Illuminate\\Routing\\Router->dispatchToRoute()
#42 /opt/lampp/htdocs/tope/terrain/vendor/laravel/framework/src/Illuminate/Foundation/Http/Kernel.php(167): Illuminate\\Routing\\Router->dispatch()
#43 /opt/lampp/htdocs/tope/terrain/vendor/laravel/framework/src/Illuminate/Pipeline/Pipeline.php(128): Illuminate\\Foundation\\Http\\Kernel->Illuminate\\Foundation\\Http\\{closure}()
#44 /opt/lampp/htdocs/tope/terrain/vendor/livewire/livewire/src/DisableBrowserCache.php(19): Illuminate\\Pipeline\\Pipeline->Illuminate\\Pipeline\\{closure}()
#45 /opt/lampp/htdocs/tope/terrain/vendor/laravel/framework/src/Illuminate/Pipeline/Pipeline.php(167): Livewire\\DisableBrowserCache->handle()
#46 /opt/lampp/htdocs/tope/terrain/vendor/laravel/framework/src/Illuminate/Foundation/Http/Middleware/TransformsRequest.php(21): Illuminate\\Pipeline\\Pipeline->Illuminate\\Pipeline\\{closure}()
#47 /opt/lampp/htdocs/tope/terrain/vendor/laravel/framework/src/Illuminate/Foundation/Http/Middleware/ConvertEmptyStringsToNull.php(31): Illuminate\\Foundation\\Http\\Middleware\\TransformsRequest->handle()
#48 /opt/lampp/htdocs/tope/terrain/vendor/laravel/framework/src/Illuminate/Pipeline/Pipeline.php(167): Illuminate\\Foundation\\Http\\Middleware\\ConvertEmptyStringsToNull->handle()
#49 /opt/lampp/htdocs/tope/terrain/vendor/laravel/framework/src/Illuminate/Foundation/Http/Middleware/TransformsRequest.php(21): Illuminate\\Pipeline\\Pipeline->Illuminate\\Pipeline\\{closure}()
#50 /opt/lampp/htdocs/tope/terrain/vendor/laravel/framework/src/Illuminate/Foundation/Http/Middleware/TrimStrings.php(40): Illuminate\\Foundation\\Http\\Middleware\\TransformsRequest->handle()
#51 /opt/lampp/htdocs/tope/terrain/vendor/laravel/framework/src/Illuminate/Pipeline/Pipeline.php(167): Illuminate\\Foundation\\Http\\Middleware\\TrimStrings->handle()
#52 /opt/lampp/htdocs/tope/terrain/vendor/laravel/framework/src/Illuminate/Foundation/Http/Middleware/ValidatePostSize.php(27): Illuminate\\Pipeline\\Pipeline->Illuminate\\Pipeline\\{closure}()
#53 /opt/lampp/htdocs/tope/terrain/vendor/laravel/framework/src/Illuminate/Pipeline/Pipeline.php(167): Illuminate\\Foundation\\Http\\Middleware\\ValidatePostSize->handle()
#54 /opt/lampp/htdocs/tope/terrain/vendor/laravel/framework/src/Illuminate/Foundation/Http/Middleware/PreventRequestsDuringMaintenance.php(86): Illuminate\\Pipeline\\Pipeline->Illuminate\\Pipeline\\{closure}()
#55 /opt/lampp/htdocs/tope/terrain/vendor/laravel/framework/src/Illuminate/Pipeline/Pipeline.php(167): Illuminate\\Foundation\\Http\\Middleware\\PreventRequestsDuringMaintenance->handle()
#56 /opt/lampp/htdocs/tope/terrain/vendor/fruitcake/laravel-cors/src/HandleCors.php(38): Illuminate\\Pipeline\\Pipeline->Illuminate\\Pipeline\\{closure}()
#57 /opt/lampp/htdocs/tope/terrain/vendor/laravel/framework/src/Illuminate/Pipeline/Pipeline.php(167): Fruitcake\\Cors\\HandleCors->handle()
#58 /opt/lampp/htdocs/tope/terrain/vendor/fideloper/proxy/src/TrustProxies.php(57): Illuminate\\Pipeline\\Pipeline->Illuminate\\Pipeline\\{closure}()
#59 /opt/lampp/htdocs/tope/terrain/vendor/laravel/framework/src/Illuminate/Pipeline/Pipeline.php(167): Fideloper\\Proxy\\TrustProxies->handle()
#60 /opt/lampp/htdocs/tope/terrain/vendor/laravel/framework/src/Illuminate/Pipeline/Pipeline.php(103): Illuminate\\Pipeline\\Pipeline->Illuminate\\Pipeline\\{closure}()
#61 /opt/lampp/htdocs/tope/terrain/vendor/laravel/framework/src/Illuminate/Foundation/Http/Kernel.php(142): Illuminate\\Pipeline\\Pipeline->then()
#62 /opt/lampp/htdocs/tope/terrain/vendor/laravel/framework/src/Illuminate/Foundation/Http/Kernel.php(111): Illuminate\\Foundation\\Http\\Kernel->sendRequestThroughRouter()
#63 /opt/lampp/htdocs/tope/terrain/public/index.php(51): Illuminate\\Foundation\\Http\\Kernel->handle()
#64 /opt/lampp/htdocs/tope/terrain/server.php(21): require_once('...')
#65 {main}

[previous exception] [object] (PDOException(code: 42S22): SQLSTATE[42S22]: Column not found: 1054 Unknown column 'phone' in 'where clause' at /opt/lampp/htdocs/tope/terrain/vendor/laravel/framework/src/Illuminate/Database/Connection.php:368)
[stacktrace]
#0 /opt/lampp/htdocs/tope/terrain/vendor/laravel/framework/src/Illuminate/Database/Connection.php(368): PDO->prepare()
#1 /opt/lampp/htdocs/tope/terrain/vendor/laravel/framework/src/Illuminate/Database/Connection.php(705): Illuminate\\Database\\Connection->Illuminate\\Database\\{closure}()
#2 /opt/lampp/htdocs/tope/terrain/vendor/laravel/framework/src/Illuminate/Database/Connection.php(672): Illuminate\\Database\\Connection->runQueryCallback()
#3 /opt/lampp/htdocs/tope/terrain/vendor/laravel/framework/src/Illuminate/Database/Connection.php(359): Illuminate\\Database\\Connection->run()
#4 /opt/lampp/htdocs/tope/terrain/vendor/laravel/framework/src/Illuminate/Database/Query/Builder.php(2413): Illuminate\\Database\\Connection->select()
#5 /opt/lampp/htdocs/tope/terrain/vendor/laravel/framework/src/Illuminate/Database/Query/Builder.php(2402): Illuminate\\Database\\Query\\Builder->runSelect()
#6 /opt/lampp/htdocs/tope/terrain/vendor/laravel/framework/src/Illuminate/Database/Query/Builder.php(2936): Illuminate\\Database\\Query\\Builder->Illuminate\\Database\\Query\\{closure}()
#7 /opt/lampp/htdocs/tope/terrain/vendor/laravel/framework/src/Illuminate/Database/Query/Builder.php(2401): Illuminate\\Database\\Query\\Builder->onceWithColumns()
#8 /opt/lampp/htdocs/tope/terrain/vendor/laravel/framework/src/Illuminate/Database/Query/Builder.php(2863): Illuminate\\Database\\Query\\Builder->get()
#9 /opt/lampp/htdocs/tope/terrain/vendor/laravel/framework/src/Illuminate/Database/Query/Builder.php(2791): Illuminate\\Database\\Query\\Builder->aggregate()
#10 /opt/lampp/htdocs/tope/terrain/vendor/laravel/framework/src/Illuminate/Validation/DatabasePresenceVerifier.php(55): Illuminate\\Database\\Query\\Builder->count()
#11 /opt/lampp/htdocs/tope/terrain/vendor/laravel/framework/src/Illuminate/Validation/Concerns/ValidatesAttributes.php(855): Illuminate\\Validation\\DatabasePresenceVerifier->getCount()
#12 /opt/lampp/htdocs/tope/terrain/vendor/laravel/framework/src/Illuminate/Validation/Validator.php(610): Illuminate\\Validation\\Validator->validateUnique()
#13 /opt/lampp/htdocs/tope/terrain/vendor/laravel/framework/src/Illuminate/Validation/Validator.php(416): Illuminate\\Validation\\Validator->validateAttribute()
#14 /opt/lampp/htdocs/tope/terrain/vendor/laravel/framework/src/Illuminate/Validation/Validator.php(447): Illuminate\\Validation\\Validator->passes()
#15 /opt/lampp/htdocs/tope/terrain/vendor/laravel/framework/src/Illuminate/Validation/Validator.php(489): Illuminate\\Validation\\Validator->fails()
#16 /opt/lampp/htdocs/tope/terrain/app/Actions/Fortify/CreateNewUser.php(48): Illuminate\\Validation\\Validator->validate()
#17 /opt/lampp/htdocs/tope/terrain/vendor/laravel/fortify/src/Http/Controllers/RegisteredUserController.php(62): App\\Actions\\Fortify\\CreateNewUser->create()
#18 /opt/lampp/htdocs/tope/terrain/vendor/laravel/framework/src/Illuminate/Routing/Controller.php(54): Laravel\\Fortify\\Http\\Controllers\\RegisteredUserController->store()
#19 /opt/lampp/htdocs/tope/terrain/vendor/laravel/framework/src/Illuminate/Routing/ControllerDispatcher.php(45): Illuminate\\Routing\\Controller->callAction()
#20 /opt/lampp/htdocs/tope/terrain/vendor/laravel/framework/src/Illuminate/Routing/Route.php(261): Illuminate\\Routing\\ControllerDispatcher->dispatch()
#21 /opt/lampp/htdocs/tope/terrain/vendor/laravel/framework/src/Illuminate/Routing/Route.php(205): Illuminate\\Routing\\Route->runController()
#22 /opt/lampp/htdocs/tope/terrain/vendor/laravel/framework/src/Illuminate/Routing/Router.php(721): Illuminate\\Routing\\Route->run()
#23 /opt/lampp/htdocs/tope/terrain/vendor/laravel/framework/src/Illuminate/Pipeline/Pipeline.php(128): Illuminate\\Routing\\Router->Illuminate\\Routing\\{closure}()
#24 /opt/lampp/htdocs/tope/terrain/app/Http/Middleware/RedirectIfAuthenticated.php(30): Illuminate\\Pipeline\\Pipeline->Illuminate\\Pipeline\\{closure}()
#25 /opt/lampp/htdocs/tope/terrain/vendor/laravel/framework/src/Illuminate/Pipeline/Pipeline.php(167): App\\Http\\Middleware\\RedirectIfAuthenticated->handle()
#26 /opt/lampp/htdocs/tope/terrain/vendor/laravel/framework/src/Illuminate/Routing/Middleware/SubstituteBindings.php(50): Illuminate\\Pipeline\\Pipeline->Illuminate\\Pipeline\\{closure}()
#27 /opt/lampp/htdocs/tope/terrain/vendor/laravel/framework/src/Illuminate/Pipeline/Pipeline.php(167): Illuminate\\Routing\\Middleware\\SubstituteBindings->handle()
#28 /opt/lampp/htdocs/tope/terrain/vendor/laravel/framework/src/Illuminate/Foundation/Http/Middleware/VerifyCsrfToken.php(78): Illuminate\\Pipeline\\Pipeline->Illuminate\\Pipeline\\{closure}()
#29 /opt/lampp/htdocs/tope/terrain/vendor/laravel/framework/src/Illuminate/Pipeline/Pipeline.php(167): Illuminate\\Foundation\\Http\\Middleware\\VerifyCsrfToken->handle()
#30 /opt/lampp/htdocs/tope/terrain/vendor/laravel/framework/src/Illuminate/View/Middleware/ShareErrorsFromSession.php(49): Illuminate\\Pipeline\\Pipeline->Illuminate\\Pipeline\\{closure}()
#31 /opt/lampp/htdocs/tope/terrain/vendor/laravel/framework/src/Illuminate/Pipeline/Pipeline.php(167): Illuminate\\View\\Middleware\\ShareErrorsFromSession->handle()
#32 /opt/lampp/htdocs/tope/terrain/vendor/laravel/framework/src/Illuminate/Session/Middleware/StartSession.php(121): Illuminate\\Pipeline\\Pipeline->Illuminate\\Pipeline\\{closure}()
#33 /opt/lampp/htdocs/tope/terrain/vendor/laravel/framework/src/Illuminate/Session/Middleware/StartSession.php(64): Illuminate\\Session\\Middleware\\StartSession->handleStatefulRequest()
#34 /opt/lampp/htdocs/tope/terrain/vendor/laravel/framework/src/Illuminate/Pipeline/Pipeline.php(167): Illuminate\\Session\\Middleware\\StartSession->handle()
#35 /opt/lampp/htdocs/tope/terrain/vendor/laravel/framework/src/Illuminate/Cookie/Middleware/AddQueuedCookiesToResponse.php(37): Illuminate\\Pipeline\\Pipeline->Illuminate\\Pipeline\\{closure}()
#36 /opt/lampp/htdocs/tope/terrain/vendor/laravel/framework/src/Illuminate/Pipeline/Pipeline.php(167): Illuminate\\Cookie\\Middleware\\AddQueuedCookiesToResponse->handle()
#37 /opt/lampp/htdocs/tope/terrain/vendor/laravel/framework/src/Illuminate/Cookie/Middleware/EncryptCookies.php(67): Illuminate\\Pipeline\\Pipeline->Illuminate\\Pipeline\\{closure}()
#38 /opt/lampp/htdocs/tope/terrain/vendor/laravel/framework/src/Illuminate/Pipeline/Pipeline.php(167): Illuminate\\Cookie\\Middleware\\EncryptCookies->handle()
#39 /opt/lampp/htdocs/tope/terrain/vendor/laravel/framework/src/Illuminate/Pipeline/Pipeline.php(103): Illuminate\\Pipeline\\Pipeline->Illuminate\\Pipeline\\{closure}()
#40 /opt/lampp/htdocs/tope/terrain/vendor/laravel/framework/src/Illuminate/Routing/Router.php(719): Illuminate\\Pipeline\\Pipeline->then()
#41 /opt/lampp/htdocs/tope/terrain/vendor/laravel/framework/src/Illuminate/Routing/Router.php(698): Illuminate\\Routing\\Router->runRouteWithinStack()
#42 /opt/lampp/htdocs/tope/terrain/vendor/laravel/framework/src/Illuminate/Routing/Router.php(662): Illuminate\\Routing\\Router->runRoute()
#43 /opt/lampp/htdocs/tope/terrain/vendor/laravel/framework/src/Illuminate/Routing/Router.php(651): Illuminate\\Routing\\Router->dispatchToRoute()
#44 /opt/lampp/htdocs/tope/terrain/vendor/laravel/framework/src/Illuminate/Foundation/Http/Kernel.php(167): Illuminate\\Routing\\Router->dispatch()
#45 /opt/lampp/htdocs/tope/terrain/vendor/laravel/framework/src/Illuminate/Pipeline/Pipeline.php(128): Illuminate\\Foundation\\Http\\Kernel->Illuminate\\Foundation\\Http\\{closure}()
#46 /opt/lampp/htdocs/tope/terrain/vendor/livewire/livewire/src/DisableBrowserCache.php(19): Illuminate\\Pipeline\\Pipeline->Illuminate\\Pipeline\\{closure}()
#47 /opt/lampp/htdocs/tope/terrain/vendor/laravel/framework/src/Illuminate/Pipeline/Pipeline.php(167): Livewire\\DisableBrowserCache->handle()
#48 /opt/lampp/htdocs/tope/terrain/vendor/laravel/framework/src/Illuminate/Foundation/Http/Middleware/TransformsRequest.php(21): Illuminate\\Pipeline\\Pipeline->Illuminate\\Pipeline\\{closure}()
#49 /opt/lampp/htdocs/tope/terrain/vendor/laravel/framework/src/Illuminate/Foundation/Http/Middleware/ConvertEmptyStringsToNull.php(31): Illuminate\\Foundation\\Http\\Middleware\\TransformsRequest->handle()
#50 /opt/lampp/htdocs/tope/terrain/vendor/laravel/framework/src/Illuminate/Pipeline/Pipeline.php(167): Illuminate\\Foundation\\Http\\Middleware\\ConvertEmptyStringsToNull->handle()
#51 /opt/lampp/htdocs/tope/terrain/vendor/laravel/framework/src/Illuminate/Foundation/Http/Middleware/TransformsRequest.php(21): Illuminate\\Pipeline\\Pipeline->Illuminate\\Pipeline\\{closure}()
#52 /opt/lampp/htdocs/tope/terrain/vendor/laravel/framework/src/Illuminate/Foundation/Http/Middleware/TrimStrings.php(40): Illuminate\\Foundation\\Http\\Middleware\\TransformsRequest->handle()
#53 /opt/lampp/htdocs/tope/terrain/vendor/laravel/framework/src/Illuminate/Pipeline/Pipeline.php(167): Illuminate\\Foundation\\Http\\Middleware\\TrimStrings->handle()
#54 /opt/lampp/htdocs/tope/terrain/vendor/laravel/framework/src/Illuminate/Foundation/Http/Middleware/ValidatePostSize.php(27): Illuminate\\Pipeline\\Pipeline->Illuminate\\Pipeline\\{closure}()
#55 /opt/lampp/htdocs/tope/terrain/vendor/laravel/framework/src/Illuminate/Pipeline/Pipeline.php(167): Illuminate\\Foundation\\Http\\Middleware\\ValidatePostSize->handle()
#56 /opt/lampp/htdocs/tope/terrain/vendor/laravel/framework/src/Illuminate/Foundation/Http/Middleware/PreventRequestsDuringMaintenance.php(86): Illuminate\\Pipeline\\Pipeline->Illuminate\\Pipeline\\{closure}()
#57 /opt/lampp/htdocs/tope/terrain/vendor/laravel/framework/src/Illuminate/Pipeline/Pipeline.php(167): Illuminate\\Foundation\\Http\\Middleware\\PreventRequestsDuringMaintenance->handle()
#58 /opt/lampp/htdocs/tope/terrain/vendor/fruitcake/laravel-cors/src/HandleCors.php(38): Illuminate\\Pipeline\\Pipeline->Illuminate\\Pipeline\\{closure}()
#59 /opt/lampp/htdocs/tope/terrain/vendor/laravel/framework/src/Illuminate/Pipeline/Pipeline.php(167): Fruitcake\\Cors\\HandleCors->handle()
#60 /opt/lampp/htdocs/tope/terrain/vendor/fideloper/proxy/src/TrustProxies.php(57): Illuminate\\Pipeline\\Pipeline->Illuminate\\Pipeline\\{closure}()
#61 /opt/lampp/htdocs/tope/terrain/vendor/laravel/framework/src/Illuminate/Pipeline/Pipeline.php(167): Fideloper\\Proxy\\TrustProxies->handle()
#62 /opt/lampp/htdocs/tope/terrain/vendor/laravel/framework/src/Illuminate/Pipeline/Pipeline.php(103): Illuminate\\Pipeline\\Pipeline->Illuminate\\Pipeline\\{closure}()
#63 /opt/lampp/htdocs/tope/terrain/vendor/laravel/framework/src/Illuminate/Foundation/Http/Kernel.php(142): Illuminate\\Pipeline\\Pipeline->then()
#64 /opt/lampp/htdocs/tope/terrain/vendor/laravel/framework/src/Illuminate/Foundation/Http/Kernel.php(111): Illuminate\\Foundation\\Http\\Kernel->sendRequestThroughRouter()
#65 /opt/lampp/htdocs/tope/terrain/public/index.php(51): Illuminate\\Foundation\\Http\\Kernel->handle()
#66 /opt/lampp/htdocs/tope/terrain/server.php(21): require_once('...')
#67 {main}
"} 
[2025-10-08 06:11:34] local.ERROR: Connection could not be established with host 127.0.0.1 :stream_socket_client(): Unable to connect to 127.0.0.1:1025 (Connection refused) {"exception":"[object] (Swift_TransportException(code: 0): Connection could not be established with host 127.0.0.1 :stream_socket_client(): Unable to connect to 127.0.0.1:1025 (Connection refused) at /opt/lampp/htdocs/tope/terrain/vendor/swiftmailer/swiftmailer/lib/classes/Swift/Transport/StreamBuffer.php:261)
[stacktrace]
#0 [internal function]: Swift_Transport_StreamBuffer->{closure}()
#1 /opt/lampp/htdocs/tope/terrain/vendor/swiftmailer/swiftmailer/lib/classes/Swift/Transport/StreamBuffer.php(264): stream_socket_client()
#2 /opt/lampp/htdocs/tope/terrain/vendor/swiftmailer/swiftmailer/lib/classes/Swift/Transport/StreamBuffer.php(58): Swift_Transport_StreamBuffer->establishSocketConnection()
#3 /opt/lampp/htdocs/tope/terrain/vendor/swiftmailer/swiftmailer/lib/classes/Swift/Transport/AbstractSmtpTransport.php(143): Swift_Transport_StreamBuffer->initialize()
#4 /opt/lampp/htdocs/tope/terrain/vendor/swiftmailer/swiftmailer/lib/classes/Swift/Mailer.php(65): Swift_Transport_AbstractSmtpTransport->start()
#5 /opt/lampp/htdocs/tope/terrain/vendor/laravel/framework/src/Illuminate/Mail/Mailer.php(521): Swift_Mailer->send()
#6 /opt/lampp/htdocs/tope/terrain/vendor/laravel/framework/src/Illuminate/Mail/Mailer.php(288): Illuminate\\Mail\\Mailer->sendSwiftMessage()
#7 /opt/lampp/htdocs/tope/terrain/vendor/laravel/framework/src/Illuminate/Notifications/Channels/MailChannel.php(62): Illuminate\\Mail\\Mailer->send()
#8 /opt/lampp/htdocs/tope/terrain/vendor/laravel/framework/src/Illuminate/Notifications/NotificationSender.php(148): Illuminate\\Notifications\\Channels\\MailChannel->send()
#9 /opt/lampp/htdocs/tope/terrain/vendor/laravel/framework/src/Illuminate/Notifications/NotificationSender.php(106): Illuminate\\Notifications\\NotificationSender->sendToNotifiable()
#10 /opt/lampp/htdocs/tope/terrain/vendor/laravel/framework/src/Illuminate/Support/Traits/Localizable.php(19): Illuminate\\Notifications\\NotificationSender->Illuminate\\Notifications\\{closure}()
#11 /opt/lampp/htdocs/tope/terrain/vendor/laravel/framework/src/Illuminate/Notifications/NotificationSender.php(101): Illuminate\\Notifications\\NotificationSender->withLocale()
#12 /opt/lampp/htdocs/tope/terrain/vendor/laravel/framework/src/Illuminate/Notifications/NotificationSender.php(79): Illuminate\\Notifications\\NotificationSender->sendNow()
#13 /opt/lampp/htdocs/tope/terrain/vendor/laravel/framework/src/Illuminate/Notifications/ChannelManager.php(39): Illuminate\\Notifications\\NotificationSender->send()
#14 /opt/lampp/htdocs/tope/terrain/vendor/laravel/framework/src/Illuminate/Notifications/RoutesNotifications.php(18): Illuminate\\Notifications\\ChannelManager->send()
#15 /opt/lampp/htdocs/tope/terrain/vendor/laravel/framework/src/Illuminate/Auth/MustVerifyEmail.php(38): App\\Models\\User->notify()
#16 /opt/lampp/htdocs/tope/terrain/vendor/laravel/framework/src/Illuminate/Auth/Listeners/SendEmailVerificationNotification.php(19): Illuminate\\Foundation\\Auth\\User->sendEmailVerificationNotification()
#17 /opt/lampp/htdocs/tope/terrain/vendor/laravel/framework/src/Illuminate/Events/Dispatcher.php(424): Illuminate\\Auth\\Listeners\\SendEmailVerificationNotification->handle()
#18 /opt/lampp/htdocs/tope/terrain/vendor/laravel/framework/src/Illuminate/Events/Dispatcher.php(249): Illuminate\\Events\\Dispatcher->Illuminate\\Events\\{closure}()
#19 /opt/lampp/htdocs/tope/terrain/vendor/laravel/framework/src/Illuminate/Foundation/helpers.php(450): Illuminate\\Events\\Dispatcher->dispatch()
#20 /opt/lampp/htdocs/tope/terrain/vendor/laravel/fortify/src/Http/Controllers/RegisteredUserController.php(62): event()
#21 /opt/lampp/htdocs/tope/terrain/vendor/laravel/framework/src/Illuminate/Routing/Controller.php(54): Laravel\\Fortify\\Http\\Controllers\\RegisteredUserController->store()
#22 /opt/lampp/htdocs/tope/terrain/vendor/laravel/framework/src/Illuminate/Routing/ControllerDispatcher.php(45): Illuminate\\Routing\\Controller->callAction()
#23 /opt/lampp/htdocs/tope/terrain/vendor/laravel/framework/src/Illuminate/Routing/Route.php(261): Illuminate\\Routing\\ControllerDispatcher->dispatch()
#24 /opt/lampp/htdocs/tope/terrain/vendor/laravel/framework/src/Illuminate/Routing/Route.php(205): Illuminate\\Routing\\Route->runController()
#25 /opt/lampp/htdocs/tope/terrain/vendor/laravel/framework/src/Illuminate/Routing/Router.php(721): Illuminate\\Routing\\Route->run()
#26 /opt/lampp/htdocs/tope/terrain/vendor/laravel/framework/src/Illuminate/Pipeline/Pipeline.php(128): Illuminate\\Routing\\Router->Illuminate\\Routing\\{closure}()
#27 /opt/lampp/htdocs/tope/terrain/app/Http/Middleware/RedirectIfAuthenticated.php(30): Illuminate\\Pipeline\\Pipeline->Illuminate\\Pipeline\\{closure}()
#28 /opt/lampp/htdocs/tope/terrain/vendor/laravel/framework/src/Illuminate/Pipeline/Pipeline.php(167): App\\Http\\Middleware\\RedirectIfAuthenticated->handle()
#29 /opt/lampp/htdocs/tope/terrain/vendor/laravel/framework/src/Illuminate/Routing/Middleware/SubstituteBindings.php(50): Illuminate\\Pipeline\\Pipeline->Illuminate\\Pipeline\\{closure}()
#30 /opt/lampp/htdocs/tope/terrain/vendor/laravel/framework/src/Illuminate/Pipeline/Pipeline.php(167): Illuminate\\Routing\\Middleware\\SubstituteBindings->handle()
#31 /opt/lampp/htdocs/tope/terrain/vendor/laravel/framework/src/Illuminate/Foundation/Http/Middleware/VerifyCsrfToken.php(78): Illuminate\\Pipeline\\Pipeline->Illuminate\\Pipeline\\{closure}()
#32 /opt/lampp/htdocs/tope/terrain/vendor/laravel/framework/src/Illuminate/Pipeline/Pipeline.php(167): Illuminate\\Foundation\\Http\\Middleware\\VerifyCsrfToken->handle()
#33 /opt/lampp/htdocs/tope/terrain/vendor/laravel/framework/src/Illuminate/View/Middleware/ShareErrorsFromSession.php(49): Illuminate\\Pipeline\\Pipeline->Illuminate\\Pipeline\\{closure}()
#34 /opt/lampp/htdocs/tope/terrain/vendor/laravel/framework/src/Illuminate/Pipeline/Pipeline.php(167): Illuminate\\View\\Middleware\\ShareErrorsFromSession->handle()
#35 /opt/lampp/htdocs/tope/terrain/vendor/laravel/framework/src/Illuminate/Session/Middleware/StartSession.php(121): Illuminate\\Pipeline\\Pipeline->Illuminate\\Pipeline\\{closure}()
#36 /opt/lampp/htdocs/tope/terrain/vendor/laravel/framework/src/Illuminate/Session/Middleware/StartSession.php(64): Illuminate\\Session\\Middleware\\StartSession->handleStatefulRequest()
#37 /opt/lampp/htdocs/tope/terrain/vendor/laravel/framework/src/Illuminate/Pipeline/Pipeline.php(167): Illuminate\\Session\\Middleware\\StartSession->handle()
#38 /opt/lampp/htdocs/tope/terrain/vendor/laravel/framework/src/Illuminate/Cookie/Middleware/AddQueuedCookiesToResponse.php(37): Illuminate\\Pipeline\\Pipeline->Illuminate\\Pipeline\\{closure}()
#39 /opt/lampp/htdocs/tope/terrain/vendor/laravel/framework/src/Illuminate/Pipeline/Pipeline.php(167): Illuminate\\Cookie\\Middleware\\AddQueuedCookiesToResponse->handle()
#40 /opt/lampp/htdocs/tope/terrain/vendor/laravel/framework/src/Illuminate/Cookie/Middleware/EncryptCookies.php(67): Illuminate\\Pipeline\\Pipeline->Illuminate\\Pipeline\\{closure}()
#41 /opt/lampp/htdocs/tope/terrain/vendor/laravel/framework/src/Illuminate/Pipeline/Pipeline.php(167): Illuminate\\Cookie\\Middleware\\EncryptCookies->handle()
#42 /opt/lampp/htdocs/tope/terrain/vendor/laravel/framework/src/Illuminate/Pipeline/Pipeline.php(103): Illuminate\\Pipeline\\Pipeline->Illuminate\\Pipeline\\{closure}()
#43 /opt/lampp/htdocs/tope/terrain/vendor/laravel/framework/src/Illuminate/Routing/Router.php(719): Illuminate\\Pipeline\\Pipeline->then()
#44 /opt/lampp/htdocs/tope/terrain/vendor/laravel/framework/src/Illuminate/Routing/Router.php(698): Illuminate\\Routing\\Router->runRouteWithinStack()
#45 /opt/lampp/htdocs/tope/terrain/vendor/laravel/framework/src/Illuminate/Routing/Router.php(662): Illuminate\\Routing\\Router->runRoute()
#46 /opt/lampp/htdocs/tope/terrain/vendor/laravel/framework/src/Illuminate/Routing/Router.php(651): Illuminate\\Routing\\Router->dispatchToRoute()
#47 /opt/lampp/htdocs/tope/terrain/vendor/laravel/framework/src/Illuminate/Foundation/Http/Kernel.php(167): Illuminate\\Routing\\Router->dispatch()
#48 /opt/lampp/htdocs/tope/terrain/vendor/laravel/framework/src/Illuminate/Pipeline/Pipeline.php(128): Illuminate\\Foundation\\Http\\Kernel->Illuminate\\Foundation\\Http\\{closure}()
#49 /opt/lampp/htdocs/tope/terrain/vendor/livewire/livewire/src/DisableBrowserCache.php(19): Illuminate\\Pipeline\\Pipeline->Illuminate\\Pipeline\\{closure}()
#50 /opt/lampp/htdocs/tope/terrain/vendor/laravel/framework/src/Illuminate/Pipeline/Pipeline.php(167): Livewire\\DisableBrowserCache->handle()
#51 /opt/lampp/htdocs/tope/terrain/vendor/laravel/framework/src/Illuminate/Foundation/Http/Middleware/TransformsRequest.php(21): Illuminate\\Pipeline\\Pipeline->Illuminate\\Pipeline\\{closure}()
#52 /opt/lampp/htdocs/tope/terrain/vendor/laravel/framework/src/Illuminate/Foundation/Http/Middleware/ConvertEmptyStringsToNull.php(31): Illuminate\\Foundation\\Http\\Middleware\\TransformsRequest->handle()
#53 /opt/lampp/htdocs/tope/terrain/vendor/laravel/framework/src/Illuminate/Pipeline/Pipeline.php(167): Illuminate\\Foundation\\Http\\Middleware\\ConvertEmptyStringsToNull->handle()
#54 /opt/lampp/htdocs/tope/terrain/vendor/laravel/framework/src/Illuminate/Foundation/Http/Middleware/TransformsRequest.php(21): Illuminate\\Pipeline\\Pipeline->Illuminate\\Pipeline\\{closure}()
#55 /opt/lampp/htdocs/tope/terrain/vendor/laravel/framework/src/Illuminate/Foundation/Http/Middleware/TrimStrings.php(40): Illuminate\\Foundation\\Http\\Middleware\\TransformsRequest->handle()
#56 /opt/lampp/htdocs/tope/terrain/vendor/laravel/framework/src/Illuminate/Pipeline/Pipeline.php(167): Illuminate\\Foundation\\Http\\Middleware\\TrimStrings->handle()
#57 /opt/lampp/htdocs/tope/terrain/vendor/laravel/framework/src/Illuminate/Foundation/Http/Middleware/ValidatePostSize.php(27): Illuminate\\Pipeline\\Pipeline->Illuminate\\Pipeline\\{closure}()
#58 /opt/lampp/htdocs/tope/terrain/vendor/laravel/framework/src/Illuminate/Pipeline/Pipeline.php(167): Illuminate\\Foundation\\Http\\Middleware\\ValidatePostSize->handle()
#59 /opt/lampp/htdocs/tope/terrain/vendor/laravel/framework/src/Illuminate/Foundation/Http/Middleware/PreventRequestsDuringMaintenance.php(86): Illuminate\\Pipeline\\Pipeline->Illuminate\\Pipeline\\{closure}()
#60 /opt/lampp/htdocs/tope/terrain/vendor/laravel/framework/src/Illuminate/Pipeline/Pipeline.php(167): Illuminate\\Foundation\\Http\\Middleware\\PreventRequestsDuringMaintenance->handle()
#61 /opt/lampp/htdocs/tope/terrain/vendor/fruitcake/laravel-cors/src/HandleCors.php(38): Illuminate\\Pipeline\\Pipeline->Illuminate\\Pipeline\\{closure}()
#62 /opt/lampp/htdocs/tope/terrain/vendor/laravel/framework/src/Illuminate/Pipeline/Pipeline.php(167): Fruitcake\\Cors\\HandleCors->handle()
#63 /opt/lampp/htdocs/tope/terrain/vendor/fideloper/proxy/src/TrustProxies.php(57): Illuminate\\Pipeline\\Pipeline->Illuminate\\Pipeline\\{closure}()
#64 /opt/lampp/htdocs/tope/terrain/vendor/laravel/framework/src/Illuminate/Pipeline/Pipeline.php(167): Fideloper\\Proxy\\TrustProxies->handle()
#65 /opt/lampp/htdocs/tope/terrain/vendor/laravel/framework/src/Illuminate/Pipeline/Pipeline.php(103): Illuminate\\Pipeline\\Pipeline->Illuminate\\Pipeline\\{closure}()
#66 /opt/lampp/htdocs/tope/terrain/vendor/laravel/framework/src/Illuminate/Foundation/Http/Kernel.php(142): Illuminate\\Pipeline\\Pipeline->then()
#67 /opt/lampp/htdocs/tope/terrain/vendor/laravel/framework/src/Illuminate/Foundation/Http/Kernel.php(111): Illuminate\\Foundation\\Http\\Kernel->sendRequestThroughRouter()
#68 /opt/lampp/htdocs/tope/terrain/public/index.php(51): Illuminate\\Foundation\\Http\\Kernel->handle()
#69 /opt/lampp/htdocs/tope/terrain/server.php(21): require_once('...')
#70 {main}
"} 
[2025-10-08 05:16:33] local.ERROR: syntax error, unexpected token "}", expecting ";" {"exception":"[object] (ParseError(code: 0): syntax error, unexpected token \"}\", expecting \";\" at /opt/lampp/htdocs/tope/terrain/app/Http/Livewire/Admin/Admin.php:34)
[stacktrace]
#0 /opt/lampp/htdocs/tope/terrain/vendor/composer/ClassLoader.php(427): Composer\\Autoload\\{closure}()
#1 [internal function]: Composer\\Autoload\\ClassLoader->loadClass()
#2 /opt/lampp/htdocs/tope/terrain/vendor/laravel/framework/src/Illuminate/Routing/RouteAction.php(91): method_exists()
#3 /opt/lampp/htdocs/tope/terrain/vendor/laravel/framework/src/Illuminate/Routing/RouteAction.php(47): Illuminate\\Routing\\RouteAction::makeInvokable()
#4 /opt/lampp/htdocs/tope/terrain/vendor/laravel/framework/src/Illuminate/Routing/Route.php(191): Illuminate\\Routing\\RouteAction::parse()
#5 /opt/lampp/htdocs/tope/terrain/vendor/laravel/framework/src/Illuminate/Routing/Route.php(172): Illuminate\\Routing\\Route->parseAction()
#6 /opt/lampp/htdocs/tope/terrain/vendor/laravel/framework/src/Illuminate/Routing/Router.php(583): Illuminate\\Routing\\Route->__construct()
#7 /opt/lampp/htdocs/tope/terrain/vendor/laravel/framework/src/Illuminate/Routing/Router.php(475): Illuminate\\Routing\\Router->newRoute()
#8 /opt/lampp/htdocs/tope/terrain/vendor/laravel/framework/src/Illuminate/Routing/Router.php(455): Illuminate\\Routing\\Router->createRoute()
#9 /opt/lampp/htdocs/tope/terrain/vendor/laravel/framework/src/Illuminate/Routing/Router.php(147): Illuminate\\Routing\\Router->addRoute()
#10 /opt/lampp/htdocs/tope/terrain/vendor/laravel/framework/src/Illuminate/Support/Facades/Facade.php(261): Illuminate\\Routing\\Router->get()
#11 /opt/lampp/htdocs/tope/terrain/routes/web.php(107): Illuminate\\Support\\Facades\\Facade::__callStatic()
#12 /opt/lampp/htdocs/tope/terrain/vendor/laravel/framework/src/Illuminate/Routing/Router.php(423): Illuminate\\Routing\\RouteFileRegistrar->{closure}()
#13 /opt/lampp/htdocs/tope/terrain/vendor/laravel/framework/src/Illuminate/Routing/Router.php(382): Illuminate\\Routing\\Router->loadRoutes()
#14 /opt/lampp/htdocs/tope/terrain/vendor/laravel/framework/src/Illuminate/Routing/RouteRegistrar.php(163): Illuminate\\Routing\\Router->group()
#15 /opt/lampp/htdocs/tope/terrain/routes/web.php(106): Illuminate\\Routing\\RouteRegistrar->group()
#16 /opt/lampp/htdocs/tope/terrain/vendor/laravel/framework/src/Illuminate/Routing/RouteFileRegistrar.php(35): require('...')
#17 /opt/lampp/htdocs/tope/terrain/vendor/laravel/framework/src/Illuminate/Routing/Router.php(425): Illuminate\\Routing\\RouteFileRegistrar->register()
#18 /opt/lampp/htdocs/tope/terrain/vendor/laravel/framework/src/Illuminate/Routing/Router.php(382): Illuminate\\Routing\\Router->loadRoutes()
#19 /opt/lampp/htdocs/tope/terrain/vendor/laravel/framework/src/Illuminate/Routing/RouteRegistrar.php(163): Illuminate\\Routing\\Router->group()
#20 /opt/lampp/htdocs/tope/terrain/app/Providers/RouteServiceProvider.php(48): Illuminate\\Routing\\RouteRegistrar->group()
#21 /opt/lampp/htdocs/tope/terrain/vendor/laravel/framework/src/Illuminate/Container/BoundMethod.php(36): App\\Providers\\RouteServiceProvider->App\\Providers\\{closure}()
#22 /opt/lampp/htdocs/tope/terrain/vendor/laravel/framework/src/Illuminate/Container/Util.php(40): Illuminate\\Container\\BoundMethod::Illuminate\\Container\\{closure}()
#23 /opt/lampp/htdocs/tope/terrain/vendor/laravel/framework/src/Illuminate/Container/BoundMethod.php(81): Illuminate\\Container\\Util::unwrapIfClosure()
#24 /opt/lampp/htdocs/tope/terrain/vendor/laravel/framework/src/Illuminate/Container/BoundMethod.php(35): Illuminate\\Container\\BoundMethod::callBoundMethod()
#25 /opt/lampp/htdocs/tope/terrain/vendor/laravel/framework/src/Illuminate/Container/Container.php(653): Illuminate\\Container\\BoundMethod::call()
#26 /opt/lampp/htdocs/tope/terrain/vendor/laravel/framework/src/Illuminate/Foundation/Support/Providers/RouteServiceProvider.php(120): Illuminate\\Container\\Container->call()
#27 /opt/lampp/htdocs/tope/terrain/vendor/laravel/framework/src/Illuminate/Foundation/Support/Providers/RouteServiceProvider.php(45): Illuminate\\Foundation\\Support\\Providers\\RouteServiceProvider->loadRoutes()
#28 /opt/lampp/htdocs/tope/terrain/vendor/laravel/framework/src/Illuminate/Container/BoundMethod.php(36): Illuminate\\Foundation\\Support\\Providers\\RouteServiceProvider->Illuminate\\Foundation\\Support\\Providers\\{closure}()
#29 /opt/lampp/htdocs/tope/terrain/vendor/laravel/framework/src/Illuminate/Container/Util.php(40): Illuminate\\Container\\BoundMethod::Illuminate\\Container\\{closure}()
#30 /opt/lampp/htdocs/tope/terrain/vendor/laravel/framework/src/Illuminate/Container/BoundMethod.php(81): Illuminate\\Container\\Util::unwrapIfClosure()
#31 /opt/lampp/htdocs/tope/terrain/vendor/laravel/framework/src/Illuminate/Container/BoundMethod.php(35): Illuminate\\Container\\BoundMethod::callBoundMethod()
#32 /opt/lampp/htdocs/tope/terrain/vendor/laravel/framework/src/Illuminate/Container/Container.php(653): Illuminate\\Container\\BoundMethod::call()
#33 /opt/lampp/htdocs/tope/terrain/vendor/laravel/framework/src/Illuminate/Support/ServiceProvider.php(119): Illuminate\\Container\\Container->call()
#34 /opt/lampp/htdocs/tope/terrain/vendor/laravel/framework/src/Illuminate/Foundation/Application.php(927): Illuminate\\Support\\ServiceProvider->callBootedCallbacks()
#35 /opt/lampp/htdocs/tope/terrain/vendor/laravel/framework/src/Illuminate/Foundation/Application.php(905): Illuminate\\Foundation\\Application->bootProvider()
#36 [internal function]: Illuminate\\Foundation\\Application->Illuminate\\Foundation\\{closure}()
#37 /opt/lampp/htdocs/tope/terrain/vendor/laravel/framework/src/Illuminate/Foundation/Application.php(904): array_walk()
#38 /opt/lampp/htdocs/tope/terrain/vendor/laravel/framework/src/Illuminate/Foundation/Bootstrap/BootProviders.php(17): Illuminate\\Foundation\\Application->boot()
#39 /opt/lampp/htdocs/tope/terrain/vendor/laravel/framework/src/Illuminate/Foundation/Application.php(237): Illuminate\\Foundation\\Bootstrap\\BootProviders->bootstrap()
#40 /opt/lampp/htdocs/tope/terrain/vendor/laravel/framework/src/Illuminate/Foundation/Console/Kernel.php(310): Illuminate\\Foundation\\Application->bootstrapWith()
#41 /opt/lampp/htdocs/tope/terrain/vendor/laravel/framework/src/Illuminate/Foundation/Console/Kernel.php(127): Illuminate\\Foundation\\Console\\Kernel->bootstrap()
#42 Command line code(1): Illuminate\\Foundation\\Console\\Kernel->handle()
#43 {main}
"} 
[2025-10-08 05:16:33] local.ERROR: syntax error, unexpected token "}", expecting ";" {"exception":"[object] (ParseError(code: 0): syntax error, unexpected token \"}\", expecting \";\" at /opt/lampp/htdocs/tope/terrain/app/Http/Livewire/Admin/Admin.php:34)
[stacktrace]
#0 /opt/lampp/htdocs/tope/terrain/vendor/composer/ClassLoader.php(427): Composer\\Autoload\\{closure}()
#1 [internal function]: Composer\\Autoload\\ClassLoader->loadClass()
#2 /opt/lampp/htdocs/tope/terrain/vendor/laravel/framework/src/Illuminate/Routing/RouteAction.php(91): method_exists()
#3 /opt/lampp/htdocs/tope/terrain/vendor/laravel/framework/src/Illuminate/Routing/RouteAction.php(47): Illuminate\\Routing\\RouteAction::makeInvokable()
#4 /opt/lampp/htdocs/tope/terrain/vendor/laravel/framework/src/Illuminate/Routing/Route.php(191): Illuminate\\Routing\\RouteAction::parse()
#5 /opt/lampp/htdocs/tope/terrain/vendor/laravel/framework/src/Illuminate/Routing/Route.php(172): Illuminate\\Routing\\Route->parseAction()
#6 /opt/lampp/htdocs/tope/terrain/vendor/laravel/framework/src/Illuminate/Routing/Router.php(583): Illuminate\\Routing\\Route->__construct()
#7 /opt/lampp/htdocs/tope/terrain/vendor/laravel/framework/src/Illuminate/Routing/Router.php(475): Illuminate\\Routing\\Router->newRoute()
#8 /opt/lampp/htdocs/tope/terrain/vendor/laravel/framework/src/Illuminate/Routing/Router.php(455): Illuminate\\Routing\\Router->createRoute()
#9 /opt/lampp/htdocs/tope/terrain/vendor/laravel/framework/src/Illuminate/Routing/Router.php(147): Illuminate\\Routing\\Router->addRoute()
#10 /opt/lampp/htdocs/tope/terrain/vendor/laravel/framework/src/Illuminate/Support/Facades/Facade.php(261): Illuminate\\Routing\\Router->get()
#11 /opt/lampp/htdocs/tope/terrain/routes/web.php(107): Illuminate\\Support\\Facades\\Facade::__callStatic()
#12 /opt/lampp/htdocs/tope/terrain/vendor/laravel/framework/src/Illuminate/Routing/Router.php(423): Illuminate\\Routing\\RouteFileRegistrar->{closure}()
#13 /opt/lampp/htdocs/tope/terrain/vendor/laravel/framework/src/Illuminate/Routing/Router.php(382): Illuminate\\Routing\\Router->loadRoutes()
#14 /opt/lampp/htdocs/tope/terrain/vendor/laravel/framework/src/Illuminate/Routing/RouteRegistrar.php(163): Illuminate\\Routing\\Router->group()
#15 /opt/lampp/htdocs/tope/terrain/routes/web.php(106): Illuminate\\Routing\\RouteRegistrar->group()
#16 /opt/lampp/htdocs/tope/terrain/vendor/laravel/framework/src/Illuminate/Routing/RouteFileRegistrar.php(35): require('...')
#17 /opt/lampp/htdocs/tope/terrain/vendor/laravel/framework/src/Illuminate/Routing/Router.php(425): Illuminate\\Routing\\RouteFileRegistrar->register()
#18 /opt/lampp/htdocs/tope/terrain/vendor/laravel/framework/src/Illuminate/Routing/Router.php(382): Illuminate\\Routing\\Router->loadRoutes()
#19 /opt/lampp/htdocs/tope/terrain/vendor/laravel/framework/src/Illuminate/Routing/RouteRegistrar.php(163): Illuminate\\Routing\\Router->group()
#20 /opt/lampp/htdocs/tope/terrain/app/Providers/RouteServiceProvider.php(48): Illuminate\\Routing\\RouteRegistrar->group()
#21 /opt/lampp/htdocs/tope/terrain/vendor/laravel/framework/src/Illuminate/Container/BoundMethod.php(36): App\\Providers\\RouteServiceProvider->App\\Providers\\{closure}()
#22 /opt/lampp/htdocs/tope/terrain/vendor/laravel/framework/src/Illuminate/Container/Util.php(40): Illuminate\\Container\\BoundMethod::Illuminate\\Container\\{closure}()
#23 /opt/lampp/htdocs/tope/terrain/vendor/laravel/framework/src/Illuminate/Container/BoundMethod.php(81): Illuminate\\Container\\Util::unwrapIfClosure()
#24 /opt/lampp/htdocs/tope/terrain/vendor/laravel/framework/src/Illuminate/Container/BoundMethod.php(35): Illuminate\\Container\\BoundMethod::callBoundMethod()
#25 /opt/lampp/htdocs/tope/terrain/vendor/laravel/framework/src/Illuminate/Container/Container.php(653): Illuminate\\Container\\BoundMethod::call()
#26 /opt/lampp/htdocs/tope/terrain/vendor/laravel/framework/src/Illuminate/Foundation/Support/Providers/RouteServiceProvider.php(120): Illuminate\\Container\\Container->call()
#27 /opt/lampp/htdocs/tope/terrain/vendor/laravel/framework/src/Illuminate/Foundation/Support/Providers/RouteServiceProvider.php(45): Illuminate\\Foundation\\Support\\Providers\\RouteServiceProvider->loadRoutes()
#28 /opt/lampp/htdocs/tope/terrain/vendor/laravel/framework/src/Illuminate/Container/BoundMethod.php(36): Illuminate\\Foundation\\Support\\Providers\\RouteServiceProvider->Illuminate\\Foundation\\Support\\Providers\\{closure}()
#29 /opt/lampp/htdocs/tope/terrain/vendor/laravel/framework/src/Illuminate/Container/Util.php(40): Illuminate\\Container\\BoundMethod::Illuminate\\Container\\{closure}()
#30 /opt/lampp/htdocs/tope/terrain/vendor/laravel/framework/src/Illuminate/Container/BoundMethod.php(81): Illuminate\\Container\\Util::unwrapIfClosure()
#31 /opt/lampp/htdocs/tope/terrain/vendor/laravel/framework/src/Illuminate/Container/BoundMethod.php(35): Illuminate\\Container\\BoundMethod::callBoundMethod()
#32 /opt/lampp/htdocs/tope/terrain/vendor/laravel/framework/src/Illuminate/Container/Container.php(653): Illuminate\\Container\\BoundMethod::call()
#33 /opt/lampp/htdocs/tope/terrain/vendor/laravel/framework/src/Illuminate/Support/ServiceProvider.php(119): Illuminate\\Container\\Container->call()
#34 /opt/lampp/htdocs/tope/terrain/vendor/laravel/framework/src/Illuminate/Foundation/Application.php(927): Illuminate\\Support\\ServiceProvider->callBootedCallbacks()
#35 /opt/lampp/htdocs/tope/terrain/vendor/laravel/framework/src/Illuminate/Foundation/Application.php(905): Illuminate\\Foundation\\Application->bootProvider()
#36 [internal function]: Illuminate\\Foundation\\Application->Illuminate\\Foundation\\{closure}()
#37 /opt/lampp/htdocs/tope/terrain/vendor/laravel/framework/src/Illuminate/Foundation/Application.php(904): array_walk()
#38 /opt/lampp/htdocs/tope/terrain/vendor/laravel/framework/src/Illuminate/Foundation/Bootstrap/BootProviders.php(17): Illuminate\\Foundation\\Application->boot()
#39 /opt/lampp/htdocs/tope/terrain/vendor/laravel/framework/src/Illuminate/Foundation/Application.php(237): Illuminate\\Foundation\\Bootstrap\\BootProviders->bootstrap()
#40 /opt/lampp/htdocs/tope/terrain/vendor/laravel/framework/src/Illuminate/Foundation/Console/Kernel.php(310): Illuminate\\Foundation\\Application->bootstrapWith()
#41 /opt/lampp/htdocs/tope/terrain/vendor/laravel/framework/src/Illuminate/Foundation/Console/Kernel.php(127): Illuminate\\Foundation\\Console\\Kernel->bootstrap()
#42 Command line code(1): Illuminate\\Foundation\\Console\\Kernel->handle()
#43 {main}
"} 
