[2025-10-24 07:36:10] local.INFO: PDOException: SQLSTATE[HY000] [2002] Connection refused in /opt/lampp/htdocs/tope/terrain/vendor/laravel/framework/src/Illuminate/Database/Connectors/Connector.php:70
Stack trace:
#0 /opt/lampp/htdocs/tope/terrain/vendor/laravel/framework/src/Illuminate/Database/Connectors/Connector.php(70): PDO->__construct()
#1 /opt/lampp/htdocs/tope/terrain/vendor/laravel/framework/src/Illuminate/Database/Connectors/Connector.php(100): Illuminate\Database\Connectors\Connector->createPdoConnection()
#2 /opt/lampp/htdocs/tope/terrain/vendor/laravel/framework/src/Illuminate/Database/Connectors/Connector.php(49): Illuminate\Database\Connectors\Connector->tryAgainIfCausedByLostConnection()
#3 /opt/lampp/htdocs/tope/terrain/vendor/laravel/framework/src/Illuminate/Database/Connectors/MySqlConnector.php(24): Illuminate\Database\Connectors\Connector->createConnection()
#4 /opt/lampp/htdocs/tope/terrain/vendor/laravel/framework/src/Illuminate/Database/Connectors/ConnectionFactory.php(184): Illuminate\Database\Connectors\MySqlConnector->connect()
#5 [internal function]: Illuminate\Database\Connectors\ConnectionFactory->Illuminate\Database\Connectors\{closure}()
#6 /opt/lampp/htdocs/tope/terrain/vendor/laravel/framework/src/Illuminate/Database/Connection.php(1064): call_user_func()
#7 /opt/lampp/htdocs/tope/terrain/app/Providers/ConfigServiceProvider.php(36): Illuminate\Database\Connection->getPdo()
#8 /opt/lampp/htdocs/tope/terrain/vendor/laravel/framework/src/Illuminate/Container/BoundMethod.php(36): App\Providers\ConfigServiceProvider->boot()
#9 /opt/lampp/htdocs/tope/terrain/vendor/laravel/framework/src/Illuminate/Container/Util.php(40): Illuminate\Container\BoundMethod::Illuminate\Container\{closure}()
#10 /opt/lampp/htdocs/tope/terrain/vendor/laravel/framework/src/Illuminate/Container/BoundMethod.php(93): Illuminate\Container\Util::unwrapIfClosure()
#11 /opt/lampp/htdocs/tope/terrain/vendor/laravel/framework/src/Illuminate/Container/BoundMethod.php(35): Illuminate\Container\BoundMethod::callBoundMethod()
#12 /opt/lampp/htdocs/tope/terrain/vendor/laravel/framework/src/Illuminate/Container/Container.php(653): Illuminate\Container\BoundMethod::call()
#13 /opt/lampp/htdocs/tope/terrain/vendor/laravel/framework/src/Illuminate/Foundation/Application.php(924): Illuminate\Container\Container->call()
#14 /opt/lampp/htdocs/tope/terrain/vendor/laravel/framework/src/Illuminate/Foundation/Application.php(905): Illuminate\Foundation\Application->bootProvider()
#15 [internal function]: Illuminate\Foundation\Application->Illuminate\Foundation\{closure}()
#16 /opt/lampp/htdocs/tope/terrain/vendor/laravel/framework/src/Illuminate/Foundation/Application.php(904): array_walk()
#17 /opt/lampp/htdocs/tope/terrain/vendor/laravel/framework/src/Illuminate/Foundation/Bootstrap/BootProviders.php(17): Illuminate\Foundation\Application->boot()
#18 /opt/lampp/htdocs/tope/terrain/vendor/laravel/framework/src/Illuminate/Foundation/Application.php(237): Illuminate\Foundation\Bootstrap\BootProviders->bootstrap()
#19 /opt/lampp/htdocs/tope/terrain/vendor/laravel/framework/src/Illuminate/Foundation/Console/Kernel.php(310): Illuminate\Foundation\Application->bootstrapWith()
#20 /opt/lampp/htdocs/tope/terrain/vendor/laravel/framework/src/Illuminate/Foundation/Console/Kernel.php(127): Illuminate\Foundation\Console\Kernel->bootstrap()
#21 Command line code(1): Illuminate\Foundation\Console\Kernel->handle()
#22 {main}  
[2025-10-24 07:36:10] local.INFO: PDOException: SQLSTATE[HY000] [2002] Connection refused in /opt/lampp/htdocs/tope/terrain/vendor/laravel/framework/src/Illuminate/Database/Connectors/Connector.php:70
Stack trace:
#0 /opt/lampp/htdocs/tope/terrain/vendor/laravel/framework/src/Illuminate/Database/Connectors/Connector.php(70): PDO->__construct()
#1 /opt/lampp/htdocs/tope/terrain/vendor/laravel/framework/src/Illuminate/Database/Connectors/Connector.php(100): Illuminate\Database\Connectors\Connector->createPdoConnection()
#2 /opt/lampp/htdocs/tope/terrain/vendor/laravel/framework/src/Illuminate/Database/Connectors/Connector.php(49): Illuminate\Database\Connectors\Connector->tryAgainIfCausedByLostConnection()
#3 /opt/lampp/htdocs/tope/terrain/vendor/laravel/framework/src/Illuminate/Database/Connectors/MySqlConnector.php(24): Illuminate\Database\Connectors\Connector->createConnection()
#4 /opt/lampp/htdocs/tope/terrain/vendor/laravel/framework/src/Illuminate/Database/Connectors/ConnectionFactory.php(184): Illuminate\Database\Connectors\MySqlConnector->connect()
#5 [internal function]: Illuminate\Database\Connectors\ConnectionFactory->Illuminate\Database\Connectors\{closure}()
#6 /opt/lampp/htdocs/tope/terrain/vendor/laravel/framework/src/Illuminate/Database/Connection.php(1064): call_user_func()
#7 /opt/lampp/htdocs/tope/terrain/app/Providers/ConfigServiceProvider.php(36): Illuminate\Database\Connection->getPdo()
#8 /opt/lampp/htdocs/tope/terrain/vendor/laravel/framework/src/Illuminate/Container/BoundMethod.php(36): App\Providers\ConfigServiceProvider->boot()
#9 /opt/lampp/htdocs/tope/terrain/vendor/laravel/framework/src/Illuminate/Container/Util.php(40): Illuminate\Container\BoundMethod::Illuminate\Container\{closure}()
#10 /opt/lampp/htdocs/tope/terrain/vendor/laravel/framework/src/Illuminate/Container/BoundMethod.php(93): Illuminate\Container\Util::unwrapIfClosure()
#11 /opt/lampp/htdocs/tope/terrain/vendor/laravel/framework/src/Illuminate/Container/BoundMethod.php(35): Illuminate\Container\BoundMethod::callBoundMethod()
#12 /opt/lampp/htdocs/tope/terrain/vendor/laravel/framework/src/Illuminate/Container/Container.php(653): Illuminate\Container\BoundMethod::call()
#13 /opt/lampp/htdocs/tope/terrain/vendor/laravel/framework/src/Illuminate/Foundation/Application.php(924): Illuminate\Container\Container->call()
#14 /opt/lampp/htdocs/tope/terrain/vendor/laravel/framework/src/Illuminate/Foundation/Application.php(905): Illuminate\Foundation\Application->bootProvider()
#15 [internal function]: Illuminate\Foundation\Application->Illuminate\Foundation\{closure}()
#16 /opt/lampp/htdocs/tope/terrain/vendor/laravel/framework/src/Illuminate/Foundation/Application.php(904): array_walk()
#17 /opt/lampp/htdocs/tope/terrain/vendor/laravel/framework/src/Illuminate/Foundation/Bootstrap/BootProviders.php(17): Illuminate\Foundation\Application->boot()
#18 /opt/lampp/htdocs/tope/terrain/vendor/laravel/framework/src/Illuminate/Foundation/Application.php(237): Illuminate\Foundation\Bootstrap\BootProviders->bootstrap()
#19 /opt/lampp/htdocs/tope/terrain/vendor/laravel/framework/src/Illuminate/Foundation/Console/Kernel.php(310): Illuminate\Foundation\Application->bootstrapWith()
#20 /opt/lampp/htdocs/tope/terrain/vendor/laravel/framework/src/Illuminate/Foundation/Console/Kernel.php(127): Illuminate\Foundation\Console\Kernel->bootstrap()
#21 Command line code(1): Illuminate\Foundation\Console\Kernel->handle()
#22 {main}  
[2025-10-24 07:36:10] local.INFO: PDOException: SQLSTATE[HY000] [2002] Connection refused in /opt/lampp/htdocs/tope/terrain/vendor/laravel/framework/src/Illuminate/Database/Connectors/Connector.php:70
Stack trace:
#0 /opt/lampp/htdocs/tope/terrain/vendor/laravel/framework/src/Illuminate/Database/Connectors/Connector.php(70): PDO->__construct()
#1 /opt/lampp/htdocs/tope/terrain/vendor/laravel/framework/src/Illuminate/Database/Connectors/Connector.php(100): Illuminate\Database\Connectors\Connector->createPdoConnection()
#2 /opt/lampp/htdocs/tope/terrain/vendor/laravel/framework/src/Illuminate/Database/Connectors/Connector.php(49): Illuminate\Database\Connectors\Connector->tryAgainIfCausedByLostConnection()
#3 /opt/lampp/htdocs/tope/terrain/vendor/laravel/framework/src/Illuminate/Database/Connectors/MySqlConnector.php(24): Illuminate\Database\Connectors\Connector->createConnection()
#4 /opt/lampp/htdocs/tope/terrain/vendor/laravel/framework/src/Illuminate/Database/Connectors/ConnectionFactory.php(184): Illuminate\Database\Connectors\MySqlConnector->connect()
#5 [internal function]: Illuminate\Database\Connectors\ConnectionFactory->Illuminate\Database\Connectors\{closure}()
#6 /opt/lampp/htdocs/tope/terrain/vendor/laravel/framework/src/Illuminate/Database/Connection.php(1064): call_user_func()
#7 /opt/lampp/htdocs/tope/terrain/app/Providers/ConfigServiceProvider.php(36): Illuminate\Database\Connection->getPdo()
#8 /opt/lampp/htdocs/tope/terrain/vendor/laravel/framework/src/Illuminate/Container/BoundMethod.php(36): App\Providers\ConfigServiceProvider->boot()
#9 /opt/lampp/htdocs/tope/terrain/vendor/laravel/framework/src/Illuminate/Container/Util.php(40): Illuminate\Container\BoundMethod::Illuminate\Container\{closure}()
#10 /opt/lampp/htdocs/tope/terrain/vendor/laravel/framework/src/Illuminate/Container/BoundMethod.php(93): Illuminate\Container\Util::unwrapIfClosure()
#11 /opt/lampp/htdocs/tope/terrain/vendor/laravel/framework/src/Illuminate/Container/BoundMethod.php(35): Illuminate\Container\BoundMethod::callBoundMethod()
#12 /opt/lampp/htdocs/tope/terrain/vendor/laravel/framework/src/Illuminate/Container/Container.php(653): Illuminate\Container\BoundMethod::call()
#13 /opt/lampp/htdocs/tope/terrain/vendor/laravel/framework/src/Illuminate/Foundation/Application.php(924): Illuminate\Container\Container->call()
#14 /opt/lampp/htdocs/tope/terrain/vendor/laravel/framework/src/Illuminate/Foundation/Application.php(905): Illuminate\Foundation\Application->bootProvider()
#15 [internal function]: Illuminate\Foundation\Application->Illuminate\Foundation\{closure}()
#16 /opt/lampp/htdocs/tope/terrain/vendor/laravel/framework/src/Illuminate/Foundation/Application.php(904): array_walk()
#17 /opt/lampp/htdocs/tope/terrain/vendor/laravel/framework/src/Illuminate/Foundation/Bootstrap/BootProviders.php(17): Illuminate\Foundation\Application->boot()
#18 /opt/lampp/htdocs/tope/terrain/vendor/laravel/framework/src/Illuminate/Foundation/Application.php(237): Illuminate\Foundation\Bootstrap\BootProviders->bootstrap()
#19 /opt/lampp/htdocs/tope/terrain/vendor/laravel/framework/src/Illuminate/Foundation/Console/Kernel.php(310): Illuminate\Foundation\Application->bootstrapWith()
#20 /opt/lampp/htdocs/tope/terrain/vendor/laravel/framework/src/Illuminate/Foundation/Console/Kernel.php(127): Illuminate\Foundation\Console\Kernel->bootstrap()
#21 /opt/lampp/htdocs/tope/terrain/artisan(35): Illuminate\Foundation\Console\Kernel->handle()
#22 {main}  
[2025-10-24 07:36:10] local.INFO: PDOException: SQLSTATE[HY000] [2002] Connection refused in /opt/lampp/htdocs/tope/terrain/vendor/laravel/framework/src/Illuminate/Database/Connectors/Connector.php:70
Stack trace:
#0 /opt/lampp/htdocs/tope/terrain/vendor/laravel/framework/src/Illuminate/Database/Connectors/Connector.php(70): PDO->__construct()
#1 /opt/lampp/htdocs/tope/terrain/vendor/laravel/framework/src/Illuminate/Database/Connectors/Connector.php(100): Illuminate\Database\Connectors\Connector->createPdoConnection()
#2 /opt/lampp/htdocs/tope/terrain/vendor/laravel/framework/src/Illuminate/Database/Connectors/Connector.php(49): Illuminate\Database\Connectors\Connector->tryAgainIfCausedByLostConnection()
#3 /opt/lampp/htdocs/tope/terrain/vendor/laravel/framework/src/Illuminate/Database/Connectors/MySqlConnector.php(24): Illuminate\Database\Connectors\Connector->createConnection()
#4 /opt/lampp/htdocs/tope/terrain/vendor/laravel/framework/src/Illuminate/Database/Connectors/ConnectionFactory.php(184): Illuminate\Database\Connectors\MySqlConnector->connect()
#5 [internal function]: Illuminate\Database\Connectors\ConnectionFactory->Illuminate\Database\Connectors\{closure}()
#6 /opt/lampp/htdocs/tope/terrain/vendor/laravel/framework/src/Illuminate/Database/Connection.php(1064): call_user_func()
#7 /opt/lampp/htdocs/tope/terrain/app/Providers/ConfigServiceProvider.php(36): Illuminate\Database\Connection->getPdo()
#8 /opt/lampp/htdocs/tope/terrain/vendor/laravel/framework/src/Illuminate/Container/BoundMethod.php(36): App\Providers\ConfigServiceProvider->boot()
#9 /opt/lampp/htdocs/tope/terrain/vendor/laravel/framework/src/Illuminate/Container/Util.php(40): Illuminate\Container\BoundMethod::Illuminate\Container\{closure}()
#10 /opt/lampp/htdocs/tope/terrain/vendor/laravel/framework/src/Illuminate/Container/BoundMethod.php(93): Illuminate\Container\Util::unwrapIfClosure()
#11 /opt/lampp/htdocs/tope/terrain/vendor/laravel/framework/src/Illuminate/Container/BoundMethod.php(35): Illuminate\Container\BoundMethod::callBoundMethod()
#12 /opt/lampp/htdocs/tope/terrain/vendor/laravel/framework/src/Illuminate/Container/Container.php(653): Illuminate\Container\BoundMethod::call()
#13 /opt/lampp/htdocs/tope/terrain/vendor/laravel/framework/src/Illuminate/Foundation/Application.php(924): Illuminate\Container\Container->call()
#14 /opt/lampp/htdocs/tope/terrain/vendor/laravel/framework/src/Illuminate/Foundation/Application.php(905): Illuminate\Foundation\Application->bootProvider()
#15 [internal function]: Illuminate\Foundation\Application->Illuminate\Foundation\{closure}()
#16 /opt/lampp/htdocs/tope/terrain/vendor/laravel/framework/src/Illuminate/Foundation/Application.php(904): array_walk()
#17 /opt/lampp/htdocs/tope/terrain/vendor/laravel/framework/src/Illuminate/Foundation/Bootstrap/BootProviders.php(17): Illuminate\Foundation\Application->boot()
#18 /opt/lampp/htdocs/tope/terrain/vendor/laravel/framework/src/Illuminate/Foundation/Application.php(237): Illuminate\Foundation\Bootstrap\BootProviders->bootstrap()
#19 /opt/lampp/htdocs/tope/terrain/vendor/laravel/framework/src/Illuminate/Foundation/Console/Kernel.php(310): Illuminate\Foundation\Application->bootstrapWith()
#20 /opt/lampp/htdocs/tope/terrain/vendor/laravel/framework/src/Illuminate/Foundation/Console/Kernel.php(127): Illuminate\Foundation\Console\Kernel->bootstrap()
#21 Command line code(1): Illuminate\Foundation\Console\Kernel->handle()
#22 {main}  
[2025-10-24 07:36:10] local.INFO: PDOException: SQLSTATE[HY000] [2002] Connection refused in /opt/lampp/htdocs/tope/terrain/vendor/laravel/framework/src/Illuminate/Database/Connectors/Connector.php:70
Stack trace:
#0 /opt/lampp/htdocs/tope/terrain/vendor/laravel/framework/src/Illuminate/Database/Connectors/Connector.php(70): PDO->__construct()
#1 /opt/lampp/htdocs/tope/terrain/vendor/laravel/framework/src/Illuminate/Database/Connectors/Connector.php(100): Illuminate\Database\Connectors\Connector->createPdoConnection()
#2 /opt/lampp/htdocs/tope/terrain/vendor/laravel/framework/src/Illuminate/Database/Connectors/Connector.php(49): Illuminate\Database\Connectors\Connector->tryAgainIfCausedByLostConnection()
#3 /opt/lampp/htdocs/tope/terrain/vendor/laravel/framework/src/Illuminate/Database/Connectors/MySqlConnector.php(24): Illuminate\Database\Connectors\Connector->createConnection()
#4 /opt/lampp/htdocs/tope/terrain/vendor/laravel/framework/src/Illuminate/Database/Connectors/ConnectionFactory.php(184): Illuminate\Database\Connectors\MySqlConnector->connect()
#5 [internal function]: Illuminate\Database\Connectors\ConnectionFactory->Illuminate\Database\Connectors\{closure}()
#6 /opt/lampp/htdocs/tope/terrain/vendor/laravel/framework/src/Illuminate/Database/Connection.php(1064): call_user_func()
#7 /opt/lampp/htdocs/tope/terrain/app/Providers/ConfigServiceProvider.php(36): Illuminate\Database\Connection->getPdo()
#8 /opt/lampp/htdocs/tope/terrain/vendor/laravel/framework/src/Illuminate/Container/BoundMethod.php(36): App\Providers\ConfigServiceProvider->boot()
#9 /opt/lampp/htdocs/tope/terrain/vendor/laravel/framework/src/Illuminate/Container/Util.php(40): Illuminate\Container\BoundMethod::Illuminate\Container\{closure}()
#10 /opt/lampp/htdocs/tope/terrain/vendor/laravel/framework/src/Illuminate/Container/BoundMethod.php(93): Illuminate\Container\Util::unwrapIfClosure()
#11 /opt/lampp/htdocs/tope/terrain/vendor/laravel/framework/src/Illuminate/Container/BoundMethod.php(35): Illuminate\Container\BoundMethod::callBoundMethod()
#12 /opt/lampp/htdocs/tope/terrain/vendor/laravel/framework/src/Illuminate/Container/Container.php(653): Illuminate\Container\BoundMethod::call()
#13 /opt/lampp/htdocs/tope/terrain/vendor/laravel/framework/src/Illuminate/Foundation/Application.php(924): Illuminate\Container\Container->call()
#14 /opt/lampp/htdocs/tope/terrain/vendor/laravel/framework/src/Illuminate/Foundation/Application.php(905): Illuminate\Foundation\Application->bootProvider()
#15 [internal function]: Illuminate\Foundation\Application->Illuminate\Foundation\{closure}()
#16 /opt/lampp/htdocs/tope/terrain/vendor/laravel/framework/src/Illuminate/Foundation/Application.php(904): array_walk()
#17 /opt/lampp/htdocs/tope/terrain/vendor/laravel/framework/src/Illuminate/Foundation/Bootstrap/BootProviders.php(17): Illuminate\Foundation\Application->boot()
#18 /opt/lampp/htdocs/tope/terrain/vendor/laravel/framework/src/Illuminate/Foundation/Application.php(237): Illuminate\Foundation\Bootstrap\BootProviders->bootstrap()
#19 /opt/lampp/htdocs/tope/terrain/vendor/laravel/framework/src/Illuminate/Foundation/Console/Kernel.php(310): Illuminate\Foundation\Application->bootstrapWith()
#20 /opt/lampp/htdocs/tope/terrain/vendor/laravel/framework/src/Illuminate/Foundation/Console/Kernel.php(127): Illuminate\Foundation\Console\Kernel->bootstrap()
#21 Command line code(1): Illuminate\Foundation\Console\Kernel->handle()
#22 {main}  
[2025-10-24 07:36:10] local.INFO: PDOException: SQLSTATE[HY000] [2002] Connection refused in /opt/lampp/htdocs/tope/terrain/vendor/laravel/framework/src/Illuminate/Database/Connectors/Connector.php:70
Stack trace:
#0 /opt/lampp/htdocs/tope/terrain/vendor/laravel/framework/src/Illuminate/Database/Connectors/Connector.php(70): PDO->__construct()
#1 /opt/lampp/htdocs/tope/terrain/vendor/laravel/framework/src/Illuminate/Database/Connectors/Connector.php(100): Illuminate\Database\Connectors\Connector->createPdoConnection()
#2 /opt/lampp/htdocs/tope/terrain/vendor/laravel/framework/src/Illuminate/Database/Connectors/Connector.php(49): Illuminate\Database\Connectors\Connector->tryAgainIfCausedByLostConnection()
#3 /opt/lampp/htdocs/tope/terrain/vendor/laravel/framework/src/Illuminate/Database/Connectors/MySqlConnector.php(24): Illuminate\Database\Connectors\Connector->createConnection()
#4 /opt/lampp/htdocs/tope/terrain/vendor/laravel/framework/src/Illuminate/Database/Connectors/ConnectionFactory.php(184): Illuminate\Database\Connectors\MySqlConnector->connect()
#5 [internal function]: Illuminate\Database\Connectors\ConnectionFactory->Illuminate\Database\Connectors\{closure}()
#6 /opt/lampp/htdocs/tope/terrain/vendor/laravel/framework/src/Illuminate/Database/Connection.php(1064): call_user_func()
#7 /opt/lampp/htdocs/tope/terrain/app/Providers/ConfigServiceProvider.php(36): Illuminate\Database\Connection->getPdo()
#8 /opt/lampp/htdocs/tope/terrain/vendor/laravel/framework/src/Illuminate/Container/BoundMethod.php(36): App\Providers\ConfigServiceProvider->boot()
#9 /opt/lampp/htdocs/tope/terrain/vendor/laravel/framework/src/Illuminate/Container/Util.php(40): Illuminate\Container\BoundMethod::Illuminate\Container\{closure}()
#10 /opt/lampp/htdocs/tope/terrain/vendor/laravel/framework/src/Illuminate/Container/BoundMethod.php(93): Illuminate\Container\Util::unwrapIfClosure()
#11 /opt/lampp/htdocs/tope/terrain/vendor/laravel/framework/src/Illuminate/Container/BoundMethod.php(35): Illuminate\Container\BoundMethod::callBoundMethod()
#12 /opt/lampp/htdocs/tope/terrain/vendor/laravel/framework/src/Illuminate/Container/Container.php(653): Illuminate\Container\BoundMethod::call()
#13 /opt/lampp/htdocs/tope/terrain/vendor/laravel/framework/src/Illuminate/Foundation/Application.php(924): Illuminate\Container\Container->call()
#14 /opt/lampp/htdocs/tope/terrain/vendor/laravel/framework/src/Illuminate/Foundation/Application.php(905): Illuminate\Foundation\Application->bootProvider()
#15 [internal function]: Illuminate\Foundation\Application->Illuminate\Foundation\{closure}()
#16 /opt/lampp/htdocs/tope/terrain/vendor/laravel/framework/src/Illuminate/Foundation/Application.php(904): array_walk()
#17 /opt/lampp/htdocs/tope/terrain/vendor/laravel/framework/src/Illuminate/Foundation/Bootstrap/BootProviders.php(17): Illuminate\Foundation\Application->boot()
#18 /opt/lampp/htdocs/tope/terrain/vendor/laravel/framework/src/Illuminate/Foundation/Application.php(237): Illuminate\Foundation\Bootstrap\BootProviders->bootstrap()
#19 /opt/lampp/htdocs/tope/terrain/vendor/laravel/framework/src/Illuminate/Foundation/Console/Kernel.php(310): Illuminate\Foundation\Application->bootstrapWith()
#20 /opt/lampp/htdocs/tope/terrain/vendor/laravel/framework/src/Illuminate/Foundation/Console/Kernel.php(127): Illuminate\Foundation\Console\Kernel->bootstrap()
#21 Command line code(1): Illuminate\Foundation\Console\Kernel->handle()
#22 {main}  
[2025-10-24 07:36:10] local.INFO: PDOException: SQLSTATE[HY000] [2002] Connection refused in /opt/lampp/htdocs/tope/terrain/vendor/laravel/framework/src/Illuminate/Database/Connectors/Connector.php:70
Stack trace:
#0 /opt/lampp/htdocs/tope/terrain/vendor/laravel/framework/src/Illuminate/Database/Connectors/Connector.php(70): PDO->__construct()
#1 /opt/lampp/htdocs/tope/terrain/vendor/laravel/framework/src/Illuminate/Database/Connectors/Connector.php(100): Illuminate\Database\Connectors\Connector->createPdoConnection()
#2 /opt/lampp/htdocs/tope/terrain/vendor/laravel/framework/src/Illuminate/Database/Connectors/Connector.php(49): Illuminate\Database\Connectors\Connector->tryAgainIfCausedByLostConnection()
#3 /opt/lampp/htdocs/tope/terrain/vendor/laravel/framework/src/Illuminate/Database/Connectors/MySqlConnector.php(24): Illuminate\Database\Connectors\Connector->createConnection()
#4 /opt/lampp/htdocs/tope/terrain/vendor/laravel/framework/src/Illuminate/Database/Connectors/ConnectionFactory.php(184): Illuminate\Database\Connectors\MySqlConnector->connect()
#5 [internal function]: Illuminate\Database\Connectors\ConnectionFactory->Illuminate\Database\Connectors\{closure}()
#6 /opt/lampp/htdocs/tope/terrain/vendor/laravel/framework/src/Illuminate/Database/Connection.php(1064): call_user_func()
#7 /opt/lampp/htdocs/tope/terrain/app/Providers/ConfigServiceProvider.php(36): Illuminate\Database\Connection->getPdo()
#8 /opt/lampp/htdocs/tope/terrain/vendor/laravel/framework/src/Illuminate/Container/BoundMethod.php(36): App\Providers\ConfigServiceProvider->boot()
#9 /opt/lampp/htdocs/tope/terrain/vendor/laravel/framework/src/Illuminate/Container/Util.php(40): Illuminate\Container\BoundMethod::Illuminate\Container\{closure}()
#10 /opt/lampp/htdocs/tope/terrain/vendor/laravel/framework/src/Illuminate/Container/BoundMethod.php(93): Illuminate\Container\Util::unwrapIfClosure()
#11 /opt/lampp/htdocs/tope/terrain/vendor/laravel/framework/src/Illuminate/Container/BoundMethod.php(35): Illuminate\Container\BoundMethod::callBoundMethod()
#12 /opt/lampp/htdocs/tope/terrain/vendor/laravel/framework/src/Illuminate/Container/Container.php(653): Illuminate\Container\BoundMethod::call()
#13 /opt/lampp/htdocs/tope/terrain/vendor/laravel/framework/src/Illuminate/Foundation/Application.php(924): Illuminate\Container\Container->call()
#14 /opt/lampp/htdocs/tope/terrain/vendor/laravel/framework/src/Illuminate/Foundation/Application.php(905): Illuminate\Foundation\Application->bootProvider()
#15 [internal function]: Illuminate\Foundation\Application->Illuminate\Foundation\{closure}()
#16 /opt/lampp/htdocs/tope/terrain/vendor/laravel/framework/src/Illuminate/Foundation/Application.php(904): array_walk()
#17 /opt/lampp/htdocs/tope/terrain/vendor/laravel/framework/src/Illuminate/Foundation/Bootstrap/BootProviders.php(17): Illuminate\Foundation\Application->boot()
#18 /opt/lampp/htdocs/tope/terrain/vendor/laravel/framework/src/Illuminate/Foundation/Application.php(237): Illuminate\Foundation\Bootstrap\BootProviders->bootstrap()
#19 /opt/lampp/htdocs/tope/terrain/vendor/laravel/framework/src/Illuminate/Foundation/Console/Kernel.php(310): Illuminate\Foundation\Application->bootstrapWith()
#20 /opt/lampp/htdocs/tope/terrain/vendor/laravel/framework/src/Illuminate/Foundation/Console/Kernel.php(127): Illuminate\Foundation\Console\Kernel->bootstrap()
#21 Command line code(1): Illuminate\Foundation\Console\Kernel->handle()
#22 {main}  
[2025-10-24 07:36:10] local.INFO: PDOException: SQLSTATE[HY000] [2002] Connection refused in /opt/lampp/htdocs/tope/terrain/vendor/laravel/framework/src/Illuminate/Database/Connectors/Connector.php:70
Stack trace:
#0 /opt/lampp/htdocs/tope/terrain/vendor/laravel/framework/src/Illuminate/Database/Connectors/Connector.php(70): PDO->__construct()
#1 /opt/lampp/htdocs/tope/terrain/vendor/laravel/framework/src/Illuminate/Database/Connectors/Connector.php(100): Illuminate\Database\Connectors\Connector->createPdoConnection()
#2 /opt/lampp/htdocs/tope/terrain/vendor/laravel/framework/src/Illuminate/Database/Connectors/Connector.php(49): Illuminate\Database\Connectors\Connector->tryAgainIfCausedByLostConnection()
#3 /opt/lampp/htdocs/tope/terrain/vendor/laravel/framework/src/Illuminate/Database/Connectors/MySqlConnector.php(24): Illuminate\Database\Connectors\Connector->createConnection()
#4 /opt/lampp/htdocs/tope/terrain/vendor/laravel/framework/src/Illuminate/Database/Connectors/ConnectionFactory.php(184): Illuminate\Database\Connectors\MySqlConnector->connect()
#5 [internal function]: Illuminate\Database\Connectors\ConnectionFactory->Illuminate\Database\Connectors\{closure}()
#6 /opt/lampp/htdocs/tope/terrain/vendor/laravel/framework/src/Illuminate/Database/Connection.php(1064): call_user_func()
#7 /opt/lampp/htdocs/tope/terrain/app/Providers/ConfigServiceProvider.php(36): Illuminate\Database\Connection->getPdo()
#8 /opt/lampp/htdocs/tope/terrain/vendor/laravel/framework/src/Illuminate/Container/BoundMethod.php(36): App\Providers\ConfigServiceProvider->boot()
#9 /opt/lampp/htdocs/tope/terrain/vendor/laravel/framework/src/Illuminate/Container/Util.php(40): Illuminate\Container\BoundMethod::Illuminate\Container\{closure}()
#10 /opt/lampp/htdocs/tope/terrain/vendor/laravel/framework/src/Illuminate/Container/BoundMethod.php(93): Illuminate\Container\Util::unwrapIfClosure()
#11 /opt/lampp/htdocs/tope/terrain/vendor/laravel/framework/src/Illuminate/Container/BoundMethod.php(35): Illuminate\Container\BoundMethod::callBoundMethod()
#12 /opt/lampp/htdocs/tope/terrain/vendor/laravel/framework/src/Illuminate/Container/Container.php(653): Illuminate\Container\BoundMethod::call()
#13 /opt/lampp/htdocs/tope/terrain/vendor/laravel/framework/src/Illuminate/Foundation/Application.php(924): Illuminate\Container\Container->call()
#14 /opt/lampp/htdocs/tope/terrain/vendor/laravel/framework/src/Illuminate/Foundation/Application.php(905): Illuminate\Foundation\Application->bootProvider()
#15 [internal function]: Illuminate\Foundation\Application->Illuminate\Foundation\{closure}()
#16 /opt/lampp/htdocs/tope/terrain/vendor/laravel/framework/src/Illuminate/Foundation/Application.php(904): array_walk()
#17 /opt/lampp/htdocs/tope/terrain/vendor/laravel/framework/src/Illuminate/Foundation/Bootstrap/BootProviders.php(17): Illuminate\Foundation\Application->boot()
#18 /opt/lampp/htdocs/tope/terrain/vendor/laravel/framework/src/Illuminate/Foundation/Application.php(237): Illuminate\Foundation\Bootstrap\BootProviders->bootstrap()
#19 /opt/lampp/htdocs/tope/terrain/vendor/laravel/framework/src/Illuminate/Foundation/Console/Kernel.php(310): Illuminate\Foundation\Application->bootstrapWith()
#20 /opt/lampp/htdocs/tope/terrain/vendor/laravel/framework/src/Illuminate/Foundation/Console/Kernel.php(127): Illuminate\Foundation\Console\Kernel->bootstrap()
#21 Command line code(1): Illuminate\Foundation\Console\Kernel->handle()
#22 {main}  
[2025-10-24 07:36:10] local.INFO: PDOException: SQLSTATE[HY000] [2002] Connection refused in /opt/lampp/htdocs/tope/terrain/vendor/laravel/framework/src/Illuminate/Database/Connectors/Connector.php:70
Stack trace:
#0 /opt/lampp/htdocs/tope/terrain/vendor/laravel/framework/src/Illuminate/Database/Connectors/Connector.php(70): PDO->__construct()
#1 /opt/lampp/htdocs/tope/terrain/vendor/laravel/framework/src/Illuminate/Database/Connectors/Connector.php(100): Illuminate\Database\Connectors\Connector->createPdoConnection()
#2 /opt/lampp/htdocs/tope/terrain/vendor/laravel/framework/src/Illuminate/Database/Connectors/Connector.php(49): Illuminate\Database\Connectors\Connector->tryAgainIfCausedByLostConnection()
#3 /opt/lampp/htdocs/tope/terrain/vendor/laravel/framework/src/Illuminate/Database/Connectors/MySqlConnector.php(24): Illuminate\Database\Connectors\Connector->createConnection()
#4 /opt/lampp/htdocs/tope/terrain/vendor/laravel/framework/src/Illuminate/Database/Connectors/ConnectionFactory.php(184): Illuminate\Database\Connectors\MySqlConnector->connect()
#5 [internal function]: Illuminate\Database\Connectors\ConnectionFactory->Illuminate\Database\Connectors\{closure}()
#6 /opt/lampp/htdocs/tope/terrain/vendor/laravel/framework/src/Illuminate/Database/Connection.php(1064): call_user_func()
#7 /opt/lampp/htdocs/tope/terrain/app/Providers/ConfigServiceProvider.php(36): Illuminate\Database\Connection->getPdo()
#8 /opt/lampp/htdocs/tope/terrain/vendor/laravel/framework/src/Illuminate/Container/BoundMethod.php(36): App\Providers\ConfigServiceProvider->boot()
#9 /opt/lampp/htdocs/tope/terrain/vendor/laravel/framework/src/Illuminate/Container/Util.php(40): Illuminate\Container\BoundMethod::Illuminate\Container\{closure}()
#10 /opt/lampp/htdocs/tope/terrain/vendor/laravel/framework/src/Illuminate/Container/BoundMethod.php(93): Illuminate\Container\Util::unwrapIfClosure()
#11 /opt/lampp/htdocs/tope/terrain/vendor/laravel/framework/src/Illuminate/Container/BoundMethod.php(35): Illuminate\Container\BoundMethod::callBoundMethod()
#12 /opt/lampp/htdocs/tope/terrain/vendor/laravel/framework/src/Illuminate/Container/Container.php(653): Illuminate\Container\BoundMethod::call()
#13 /opt/lampp/htdocs/tope/terrain/vendor/laravel/framework/src/Illuminate/Foundation/Application.php(924): Illuminate\Container\Container->call()
#14 /opt/lampp/htdocs/tope/terrain/vendor/laravel/framework/src/Illuminate/Foundation/Application.php(905): Illuminate\Foundation\Application->bootProvider()
#15 [internal function]: Illuminate\Foundation\Application->Illuminate\Foundation\{closure}()
#16 /opt/lampp/htdocs/tope/terrain/vendor/laravel/framework/src/Illuminate/Foundation/Application.php(904): array_walk()
#17 /opt/lampp/htdocs/tope/terrain/vendor/laravel/framework/src/Illuminate/Foundation/Bootstrap/BootProviders.php(17): Illuminate\Foundation\Application->boot()
#18 /opt/lampp/htdocs/tope/terrain/vendor/laravel/framework/src/Illuminate/Foundation/Application.php(237): Illuminate\Foundation\Bootstrap\BootProviders->bootstrap()
#19 /opt/lampp/htdocs/tope/terrain/vendor/laravel/framework/src/Illuminate/Foundation/Console/Kernel.php(310): Illuminate\Foundation\Application->bootstrapWith()
#20 /opt/lampp/htdocs/tope/terrain/vendor/laravel/framework/src/Illuminate/Foundation/Console/Kernel.php(127): Illuminate\Foundation\Console\Kernel->bootstrap()
#21 Command line code(1): Illuminate\Foundation\Console\Kernel->handle()
#22 {main}  
[2025-10-24 07:36:10] local.INFO: PDOException: SQLSTATE[HY000] [2002] Connection refused in /opt/lampp/htdocs/tope/terrain/vendor/laravel/framework/src/Illuminate/Database/Connectors/Connector.php:70
Stack trace:
#0 /opt/lampp/htdocs/tope/terrain/vendor/laravel/framework/src/Illuminate/Database/Connectors/Connector.php(70): PDO->__construct()
#1 /opt/lampp/htdocs/tope/terrain/vendor/laravel/framework/src/Illuminate/Database/Connectors/Connector.php(100): Illuminate\Database\Connectors\Connector->createPdoConnection()
#2 /opt/lampp/htdocs/tope/terrain/vendor/laravel/framework/src/Illuminate/Database/Connectors/Connector.php(49): Illuminate\Database\Connectors\Connector->tryAgainIfCausedByLostConnection()
#3 /opt/lampp/htdocs/tope/terrain/vendor/laravel/framework/src/Illuminate/Database/Connectors/MySqlConnector.php(24): Illuminate\Database\Connectors\Connector->createConnection()
#4 /opt/lampp/htdocs/tope/terrain/vendor/laravel/framework/src/Illuminate/Database/Connectors/ConnectionFactory.php(184): Illuminate\Database\Connectors\MySqlConnector->connect()
#5 [internal function]: Illuminate\Database\Connectors\ConnectionFactory->Illuminate\Database\Connectors\{closure}()
#6 /opt/lampp/htdocs/tope/terrain/vendor/laravel/framework/src/Illuminate/Database/Connection.php(1064): call_user_func()
#7 /opt/lampp/htdocs/tope/terrain/app/Providers/ConfigServiceProvider.php(36): Illuminate\Database\Connection->getPdo()
#8 /opt/lampp/htdocs/tope/terrain/vendor/laravel/framework/src/Illuminate/Container/BoundMethod.php(36): App\Providers\ConfigServiceProvider->boot()
#9 /opt/lampp/htdocs/tope/terrain/vendor/laravel/framework/src/Illuminate/Container/Util.php(40): Illuminate\Container\BoundMethod::Illuminate\Container\{closure}()
#10 /opt/lampp/htdocs/tope/terrain/vendor/laravel/framework/src/Illuminate/Container/BoundMethod.php(93): Illuminate\Container\Util::unwrapIfClosure()
#11 /opt/lampp/htdocs/tope/terrain/vendor/laravel/framework/src/Illuminate/Container/BoundMethod.php(35): Illuminate\Container\BoundMethod::callBoundMethod()
#12 /opt/lampp/htdocs/tope/terrain/vendor/laravel/framework/src/Illuminate/Container/Container.php(653): Illuminate\Container\BoundMethod::call()
#13 /opt/lampp/htdocs/tope/terrain/vendor/laravel/framework/src/Illuminate/Foundation/Application.php(924): Illuminate\Container\Container->call()
#14 /opt/lampp/htdocs/tope/terrain/vendor/laravel/framework/src/Illuminate/Foundation/Application.php(905): Illuminate\Foundation\Application->bootProvider()
#15 [internal function]: Illuminate\Foundation\Application->Illuminate\Foundation\{closure}()
#16 /opt/lampp/htdocs/tope/terrain/vendor/laravel/framework/src/Illuminate/Foundation/Application.php(904): array_walk()
#17 /opt/lampp/htdocs/tope/terrain/vendor/laravel/framework/src/Illuminate/Foundation/Bootstrap/BootProviders.php(17): Illuminate\Foundation\Application->boot()
#18 /opt/lampp/htdocs/tope/terrain/vendor/laravel/framework/src/Illuminate/Foundation/Application.php(237): Illuminate\Foundation\Bootstrap\BootProviders->bootstrap()
#19 /opt/lampp/htdocs/tope/terrain/vendor/laravel/framework/src/Illuminate/Foundation/Console/Kernel.php(310): Illuminate\Foundation\Application->bootstrapWith()
#20 /opt/lampp/htdocs/tope/terrain/vendor/laravel/framework/src/Illuminate/Foundation/Console/Kernel.php(127): Illuminate\Foundation\Console\Kernel->bootstrap()
#21 Command line code(1): Illuminate\Foundation\Console\Kernel->handle()
#22 {main}  
[2025-10-24 07:36:19] local.INFO: PDOException: SQLSTATE[HY000] [2002] Connection refused in /opt/lampp/htdocs/tope/terrain/vendor/laravel/framework/src/Illuminate/Database/Connectors/Connector.php:70
Stack trace:
#0 /opt/lampp/htdocs/tope/terrain/vendor/laravel/framework/src/Illuminate/Database/Connectors/Connector.php(70): PDO->__construct()
#1 /opt/lampp/htdocs/tope/terrain/vendor/laravel/framework/src/Illuminate/Database/Connectors/Connector.php(100): Illuminate\Database\Connectors\Connector->createPdoConnection()
#2 /opt/lampp/htdocs/tope/terrain/vendor/laravel/framework/src/Illuminate/Database/Connectors/Connector.php(49): Illuminate\Database\Connectors\Connector->tryAgainIfCausedByLostConnection()
#3 /opt/lampp/htdocs/tope/terrain/vendor/laravel/framework/src/Illuminate/Database/Connectors/MySqlConnector.php(24): Illuminate\Database\Connectors\Connector->createConnection()
#4 /opt/lampp/htdocs/tope/terrain/vendor/laravel/framework/src/Illuminate/Database/Connectors/ConnectionFactory.php(184): Illuminate\Database\Connectors\MySqlConnector->connect()
#5 [internal function]: Illuminate\Database\Connectors\ConnectionFactory->Illuminate\Database\Connectors\{closure}()
#6 /opt/lampp/htdocs/tope/terrain/vendor/laravel/framework/src/Illuminate/Database/Connection.php(1064): call_user_func()
#7 /opt/lampp/htdocs/tope/terrain/app/Providers/ConfigServiceProvider.php(36): Illuminate\Database\Connection->getPdo()
#8 /opt/lampp/htdocs/tope/terrain/vendor/laravel/framework/src/Illuminate/Container/BoundMethod.php(36): App\Providers\ConfigServiceProvider->boot()
#9 /opt/lampp/htdocs/tope/terrain/vendor/laravel/framework/src/Illuminate/Container/Util.php(40): Illuminate\Container\BoundMethod::Illuminate\Container\{closure}()
#10 /opt/lampp/htdocs/tope/terrain/vendor/laravel/framework/src/Illuminate/Container/BoundMethod.php(93): Illuminate\Container\Util::unwrapIfClosure()
#11 /opt/lampp/htdocs/tope/terrain/vendor/laravel/framework/src/Illuminate/Container/BoundMethod.php(35): Illuminate\Container\BoundMethod::callBoundMethod()
#12 /opt/lampp/htdocs/tope/terrain/vendor/laravel/framework/src/Illuminate/Container/Container.php(653): Illuminate\Container\BoundMethod::call()
#13 /opt/lampp/htdocs/tope/terrain/vendor/laravel/framework/src/Illuminate/Foundation/Application.php(924): Illuminate\Container\Container->call()
#14 /opt/lampp/htdocs/tope/terrain/vendor/laravel/framework/src/Illuminate/Foundation/Application.php(905): Illuminate\Foundation\Application->bootProvider()
#15 [internal function]: Illuminate\Foundation\Application->Illuminate\Foundation\{closure}()
#16 /opt/lampp/htdocs/tope/terrain/vendor/laravel/framework/src/Illuminate/Foundation/Application.php(904): array_walk()
#17 /opt/lampp/htdocs/tope/terrain/vendor/laravel/framework/src/Illuminate/Foundation/Bootstrap/BootProviders.php(17): Illuminate\Foundation\Application->boot()
#18 /opt/lampp/htdocs/tope/terrain/vendor/laravel/framework/src/Illuminate/Foundation/Application.php(237): Illuminate\Foundation\Bootstrap\BootProviders->bootstrap()
#19 /opt/lampp/htdocs/tope/terrain/vendor/laravel/framework/src/Illuminate/Foundation/Console/Kernel.php(310): Illuminate\Foundation\Application->bootstrapWith()
#20 /opt/lampp/htdocs/tope/terrain/vendor/laravel/framework/src/Illuminate/Foundation/Console/Kernel.php(127): Illuminate\Foundation\Console\Kernel->bootstrap()
#21 Command line code(1): Illuminate\Foundation\Console\Kernel->handle()
#22 {main}  
[2025-10-24 07:36:19] local.INFO: PDOException: SQLSTATE[HY000] [2002] Connection refused in /opt/lampp/htdocs/tope/terrain/vendor/laravel/framework/src/Illuminate/Database/Connectors/Connector.php:70
Stack trace:
#0 /opt/lampp/htdocs/tope/terrain/vendor/laravel/framework/src/Illuminate/Database/Connectors/Connector.php(70): PDO->__construct()
#1 /opt/lampp/htdocs/tope/terrain/vendor/laravel/framework/src/Illuminate/Database/Connectors/Connector.php(100): Illuminate\Database\Connectors\Connector->createPdoConnection()
#2 /opt/lampp/htdocs/tope/terrain/vendor/laravel/framework/src/Illuminate/Database/Connectors/Connector.php(49): Illuminate\Database\Connectors\Connector->tryAgainIfCausedByLostConnection()
#3 /opt/lampp/htdocs/tope/terrain/vendor/laravel/framework/src/Illuminate/Database/Connectors/MySqlConnector.php(24): Illuminate\Database\Connectors\Connector->createConnection()
#4 /opt/lampp/htdocs/tope/terrain/vendor/laravel/framework/src/Illuminate/Database/Connectors/ConnectionFactory.php(184): Illuminate\Database\Connectors\MySqlConnector->connect()
#5 [internal function]: Illuminate\Database\Connectors\ConnectionFactory->Illuminate\Database\Connectors\{closure}()
#6 /opt/lampp/htdocs/tope/terrain/vendor/laravel/framework/src/Illuminate/Database/Connection.php(1064): call_user_func()
#7 /opt/lampp/htdocs/tope/terrain/app/Providers/ConfigServiceProvider.php(36): Illuminate\Database\Connection->getPdo()
#8 /opt/lampp/htdocs/tope/terrain/vendor/laravel/framework/src/Illuminate/Container/BoundMethod.php(36): App\Providers\ConfigServiceProvider->boot()
#9 /opt/lampp/htdocs/tope/terrain/vendor/laravel/framework/src/Illuminate/Container/Util.php(40): Illuminate\Container\BoundMethod::Illuminate\Container\{closure}()
#10 /opt/lampp/htdocs/tope/terrain/vendor/laravel/framework/src/Illuminate/Container/BoundMethod.php(93): Illuminate\Container\Util::unwrapIfClosure()
#11 /opt/lampp/htdocs/tope/terrain/vendor/laravel/framework/src/Illuminate/Container/BoundMethod.php(35): Illuminate\Container\BoundMethod::callBoundMethod()
#12 /opt/lampp/htdocs/tope/terrain/vendor/laravel/framework/src/Illuminate/Container/Container.php(653): Illuminate\Container\BoundMethod::call()
#13 /opt/lampp/htdocs/tope/terrain/vendor/laravel/framework/src/Illuminate/Foundation/Application.php(924): Illuminate\Container\Container->call()
#14 /opt/lampp/htdocs/tope/terrain/vendor/laravel/framework/src/Illuminate/Foundation/Application.php(905): Illuminate\Foundation\Application->bootProvider()
#15 [internal function]: Illuminate\Foundation\Application->Illuminate\Foundation\{closure}()
#16 /opt/lampp/htdocs/tope/terrain/vendor/laravel/framework/src/Illuminate/Foundation/Application.php(904): array_walk()
#17 /opt/lampp/htdocs/tope/terrain/vendor/laravel/framework/src/Illuminate/Foundation/Bootstrap/BootProviders.php(17): Illuminate\Foundation\Application->boot()
#18 /opt/lampp/htdocs/tope/terrain/vendor/laravel/framework/src/Illuminate/Foundation/Application.php(237): Illuminate\Foundation\Bootstrap\BootProviders->bootstrap()
#19 /opt/lampp/htdocs/tope/terrain/vendor/laravel/framework/src/Illuminate/Foundation/Console/Kernel.php(310): Illuminate\Foundation\Application->bootstrapWith()
#20 /opt/lampp/htdocs/tope/terrain/vendor/laravel/framework/src/Illuminate/Foundation/Console/Kernel.php(127): Illuminate\Foundation\Console\Kernel->bootstrap()
#21 Command line code(1): Illuminate\Foundation\Console\Kernel->handle()
#22 {main}  
[2025-10-24 07:36:19] local.INFO: PDOException: SQLSTATE[HY000] [2002] Connection refused in /opt/lampp/htdocs/tope/terrain/vendor/laravel/framework/src/Illuminate/Database/Connectors/Connector.php:70
Stack trace:
#0 /opt/lampp/htdocs/tope/terrain/vendor/laravel/framework/src/Illuminate/Database/Connectors/Connector.php(70): PDO->__construct()
#1 /opt/lampp/htdocs/tope/terrain/vendor/laravel/framework/src/Illuminate/Database/Connectors/Connector.php(100): Illuminate\Database\Connectors\Connector->createPdoConnection()
#2 /opt/lampp/htdocs/tope/terrain/vendor/laravel/framework/src/Illuminate/Database/Connectors/Connector.php(49): Illuminate\Database\Connectors\Connector->tryAgainIfCausedByLostConnection()
#3 /opt/lampp/htdocs/tope/terrain/vendor/laravel/framework/src/Illuminate/Database/Connectors/MySqlConnector.php(24): Illuminate\Database\Connectors\Connector->createConnection()
#4 /opt/lampp/htdocs/tope/terrain/vendor/laravel/framework/src/Illuminate/Database/Connectors/ConnectionFactory.php(184): Illuminate\Database\Connectors\MySqlConnector->connect()
#5 [internal function]: Illuminate\Database\Connectors\ConnectionFactory->Illuminate\Database\Connectors\{closure}()
#6 /opt/lampp/htdocs/tope/terrain/vendor/laravel/framework/src/Illuminate/Database/Connection.php(1064): call_user_func()
#7 /opt/lampp/htdocs/tope/terrain/app/Providers/ConfigServiceProvider.php(36): Illuminate\Database\Connection->getPdo()
#8 /opt/lampp/htdocs/tope/terrain/vendor/laravel/framework/src/Illuminate/Container/BoundMethod.php(36): App\Providers\ConfigServiceProvider->boot()
#9 /opt/lampp/htdocs/tope/terrain/vendor/laravel/framework/src/Illuminate/Container/Util.php(40): Illuminate\Container\BoundMethod::Illuminate\Container\{closure}()
#10 /opt/lampp/htdocs/tope/terrain/vendor/laravel/framework/src/Illuminate/Container/BoundMethod.php(93): Illuminate\Container\Util::unwrapIfClosure()
#11 /opt/lampp/htdocs/tope/terrain/vendor/laravel/framework/src/Illuminate/Container/BoundMethod.php(35): Illuminate\Container\BoundMethod::callBoundMethod()
#12 /opt/lampp/htdocs/tope/terrain/vendor/laravel/framework/src/Illuminate/Container/Container.php(653): Illuminate\Container\BoundMethod::call()
#13 /opt/lampp/htdocs/tope/terrain/vendor/laravel/framework/src/Illuminate/Foundation/Application.php(924): Illuminate\Container\Container->call()
#14 /opt/lampp/htdocs/tope/terrain/vendor/laravel/framework/src/Illuminate/Foundation/Application.php(905): Illuminate\Foundation\Application->bootProvider()
#15 [internal function]: Illuminate\Foundation\Application->Illuminate\Foundation\{closure}()
#16 /opt/lampp/htdocs/tope/terrain/vendor/laravel/framework/src/Illuminate/Foundation/Application.php(904): array_walk()
#17 /opt/lampp/htdocs/tope/terrain/vendor/laravel/framework/src/Illuminate/Foundation/Bootstrap/BootProviders.php(17): Illuminate\Foundation\Application->boot()
#18 /opt/lampp/htdocs/tope/terrain/vendor/laravel/framework/src/Illuminate/Foundation/Application.php(237): Illuminate\Foundation\Bootstrap\BootProviders->bootstrap()
#19 /opt/lampp/htdocs/tope/terrain/vendor/laravel/framework/src/Illuminate/Foundation/Console/Kernel.php(310): Illuminate\Foundation\Application->bootstrapWith()
#20 /opt/lampp/htdocs/tope/terrain/vendor/laravel/framework/src/Illuminate/Foundation/Console/Kernel.php(127): Illuminate\Foundation\Console\Kernel->bootstrap()
#21 Command line code(1): Illuminate\Foundation\Console\Kernel->handle()
#22 {main}  
[2025-10-24 07:36:19] local.INFO: PDOException: SQLSTATE[HY000] [2002] Connection refused in /opt/lampp/htdocs/tope/terrain/vendor/laravel/framework/src/Illuminate/Database/Connectors/Connector.php:70
Stack trace:
#0 /opt/lampp/htdocs/tope/terrain/vendor/laravel/framework/src/Illuminate/Database/Connectors/Connector.php(70): PDO->__construct()
#1 /opt/lampp/htdocs/tope/terrain/vendor/laravel/framework/src/Illuminate/Database/Connectors/Connector.php(100): Illuminate\Database\Connectors\Connector->createPdoConnection()
#2 /opt/lampp/htdocs/tope/terrain/vendor/laravel/framework/src/Illuminate/Database/Connectors/Connector.php(49): Illuminate\Database\Connectors\Connector->tryAgainIfCausedByLostConnection()
#3 /opt/lampp/htdocs/tope/terrain/vendor/laravel/framework/src/Illuminate/Database/Connectors/MySqlConnector.php(24): Illuminate\Database\Connectors\Connector->createConnection()
#4 /opt/lampp/htdocs/tope/terrain/vendor/laravel/framework/src/Illuminate/Database/Connectors/ConnectionFactory.php(184): Illuminate\Database\Connectors\MySqlConnector->connect()
#5 [internal function]: Illuminate\Database\Connectors\ConnectionFactory->Illuminate\Database\Connectors\{closure}()
#6 /opt/lampp/htdocs/tope/terrain/vendor/laravel/framework/src/Illuminate/Database/Connection.php(1064): call_user_func()
#7 /opt/lampp/htdocs/tope/terrain/app/Providers/ConfigServiceProvider.php(36): Illuminate\Database\Connection->getPdo()
#8 /opt/lampp/htdocs/tope/terrain/vendor/laravel/framework/src/Illuminate/Container/BoundMethod.php(36): App\Providers\ConfigServiceProvider->boot()
#9 /opt/lampp/htdocs/tope/terrain/vendor/laravel/framework/src/Illuminate/Container/Util.php(40): Illuminate\Container\BoundMethod::Illuminate\Container\{closure}()
#10 /opt/lampp/htdocs/tope/terrain/vendor/laravel/framework/src/Illuminate/Container/BoundMethod.php(93): Illuminate\Container\Util::unwrapIfClosure()
#11 /opt/lampp/htdocs/tope/terrain/vendor/laravel/framework/src/Illuminate/Container/BoundMethod.php(35): Illuminate\Container\BoundMethod::callBoundMethod()
#12 /opt/lampp/htdocs/tope/terrain/vendor/laravel/framework/src/Illuminate/Container/Container.php(653): Illuminate\Container\BoundMethod::call()
#13 /opt/lampp/htdocs/tope/terrain/vendor/laravel/framework/src/Illuminate/Foundation/Application.php(924): Illuminate\Container\Container->call()
#14 /opt/lampp/htdocs/tope/terrain/vendor/laravel/framework/src/Illuminate/Foundation/Application.php(905): Illuminate\Foundation\Application->bootProvider()
#15 [internal function]: Illuminate\Foundation\Application->Illuminate\Foundation\{closure}()
#16 /opt/lampp/htdocs/tope/terrain/vendor/laravel/framework/src/Illuminate/Foundation/Application.php(904): array_walk()
#17 /opt/lampp/htdocs/tope/terrain/vendor/laravel/framework/src/Illuminate/Foundation/Bootstrap/BootProviders.php(17): Illuminate\Foundation\Application->boot()
#18 /opt/lampp/htdocs/tope/terrain/vendor/laravel/framework/src/Illuminate/Foundation/Application.php(237): Illuminate\Foundation\Bootstrap\BootProviders->bootstrap()
#19 /opt/lampp/htdocs/tope/terrain/vendor/laravel/framework/src/Illuminate/Foundation/Console/Kernel.php(310): Illuminate\Foundation\Application->bootstrapWith()
#20 /opt/lampp/htdocs/tope/terrain/vendor/laravel/framework/src/Illuminate/Foundation/Console/Kernel.php(127): Illuminate\Foundation\Console\Kernel->bootstrap()
#21 Command line code(1): Illuminate\Foundation\Console\Kernel->handle()
#22 {main}  
[2025-10-24 07:36:22] local.INFO: PDOException: SQLSTATE[HY000] [2002] Connection refused in /opt/lampp/htdocs/tope/terrain/vendor/laravel/framework/src/Illuminate/Database/Connectors/Connector.php:70
Stack trace:
#0 /opt/lampp/htdocs/tope/terrain/vendor/laravel/framework/src/Illuminate/Database/Connectors/Connector.php(70): PDO->__construct()
#1 /opt/lampp/htdocs/tope/terrain/vendor/laravel/framework/src/Illuminate/Database/Connectors/Connector.php(100): Illuminate\Database\Connectors\Connector->createPdoConnection()
#2 /opt/lampp/htdocs/tope/terrain/vendor/laravel/framework/src/Illuminate/Database/Connectors/Connector.php(49): Illuminate\Database\Connectors\Connector->tryAgainIfCausedByLostConnection()
#3 /opt/lampp/htdocs/tope/terrain/vendor/laravel/framework/src/Illuminate/Database/Connectors/MySqlConnector.php(24): Illuminate\Database\Connectors\Connector->createConnection()
#4 /opt/lampp/htdocs/tope/terrain/vendor/laravel/framework/src/Illuminate/Database/Connectors/ConnectionFactory.php(184): Illuminate\Database\Connectors\MySqlConnector->connect()
#5 [internal function]: Illuminate\Database\Connectors\ConnectionFactory->Illuminate\Database\Connectors\{closure}()
#6 /opt/lampp/htdocs/tope/terrain/vendor/laravel/framework/src/Illuminate/Database/Connection.php(1064): call_user_func()
#7 /opt/lampp/htdocs/tope/terrain/app/Providers/ConfigServiceProvider.php(36): Illuminate\Database\Connection->getPdo()
#8 /opt/lampp/htdocs/tope/terrain/vendor/laravel/framework/src/Illuminate/Container/BoundMethod.php(36): App\Providers\ConfigServiceProvider->boot()
#9 /opt/lampp/htdocs/tope/terrain/vendor/laravel/framework/src/Illuminate/Container/Util.php(40): Illuminate\Container\BoundMethod::Illuminate\Container\{closure}()
#10 /opt/lampp/htdocs/tope/terrain/vendor/laravel/framework/src/Illuminate/Container/BoundMethod.php(93): Illuminate\Container\Util::unwrapIfClosure()
#11 /opt/lampp/htdocs/tope/terrain/vendor/laravel/framework/src/Illuminate/Container/BoundMethod.php(35): Illuminate\Container\BoundMethod::callBoundMethod()
#12 /opt/lampp/htdocs/tope/terrain/vendor/laravel/framework/src/Illuminate/Container/Container.php(653): Illuminate\Container\BoundMethod::call()
#13 /opt/lampp/htdocs/tope/terrain/vendor/laravel/framework/src/Illuminate/Foundation/Application.php(924): Illuminate\Container\Container->call()
#14 /opt/lampp/htdocs/tope/terrain/vendor/laravel/framework/src/Illuminate/Foundation/Application.php(905): Illuminate\Foundation\Application->bootProvider()
#15 [internal function]: Illuminate\Foundation\Application->Illuminate\Foundation\{closure}()
#16 /opt/lampp/htdocs/tope/terrain/vendor/laravel/framework/src/Illuminate/Foundation/Application.php(904): array_walk()
#17 /opt/lampp/htdocs/tope/terrain/vendor/laravel/framework/src/Illuminate/Foundation/Bootstrap/BootProviders.php(17): Illuminate\Foundation\Application->boot()
#18 /opt/lampp/htdocs/tope/terrain/vendor/laravel/framework/src/Illuminate/Foundation/Application.php(237): Illuminate\Foundation\Bootstrap\BootProviders->bootstrap()
#19 /opt/lampp/htdocs/tope/terrain/vendor/laravel/framework/src/Illuminate/Foundation/Console/Kernel.php(310): Illuminate\Foundation\Application->bootstrapWith()
#20 /opt/lampp/htdocs/tope/terrain/vendor/laravel/framework/src/Illuminate/Foundation/Console/Kernel.php(127): Illuminate\Foundation\Console\Kernel->bootstrap()
#21 Command line code(1): Illuminate\Foundation\Console\Kernel->handle()
#22 {main}  
[2025-10-24 07:36:24] local.INFO: PDOException: SQLSTATE[HY000] [2002] Connection refused in /opt/lampp/htdocs/tope/terrain/vendor/laravel/framework/src/Illuminate/Database/Connectors/Connector.php:70
Stack trace:
#0 /opt/lampp/htdocs/tope/terrain/vendor/laravel/framework/src/Illuminate/Database/Connectors/Connector.php(70): PDO->__construct()
#1 /opt/lampp/htdocs/tope/terrain/vendor/laravel/framework/src/Illuminate/Database/Connectors/Connector.php(100): Illuminate\Database\Connectors\Connector->createPdoConnection()
#2 /opt/lampp/htdocs/tope/terrain/vendor/laravel/framework/src/Illuminate/Database/Connectors/Connector.php(49): Illuminate\Database\Connectors\Connector->tryAgainIfCausedByLostConnection()
#3 /opt/lampp/htdocs/tope/terrain/vendor/laravel/framework/src/Illuminate/Database/Connectors/MySqlConnector.php(24): Illuminate\Database\Connectors\Connector->createConnection()
#4 /opt/lampp/htdocs/tope/terrain/vendor/laravel/framework/src/Illuminate/Database/Connectors/ConnectionFactory.php(184): Illuminate\Database\Connectors\MySqlConnector->connect()
#5 [internal function]: Illuminate\Database\Connectors\ConnectionFactory->Illuminate\Database\Connectors\{closure}()
#6 /opt/lampp/htdocs/tope/terrain/vendor/laravel/framework/src/Illuminate/Database/Connection.php(1064): call_user_func()
#7 /opt/lampp/htdocs/tope/terrain/app/Providers/ConfigServiceProvider.php(36): Illuminate\Database\Connection->getPdo()
#8 /opt/lampp/htdocs/tope/terrain/vendor/laravel/framework/src/Illuminate/Container/BoundMethod.php(36): App\Providers\ConfigServiceProvider->boot()
#9 /opt/lampp/htdocs/tope/terrain/vendor/laravel/framework/src/Illuminate/Container/Util.php(40): Illuminate\Container\BoundMethod::Illuminate\Container\{closure}()
#10 /opt/lampp/htdocs/tope/terrain/vendor/laravel/framework/src/Illuminate/Container/BoundMethod.php(93): Illuminate\Container\Util::unwrapIfClosure()
#11 /opt/lampp/htdocs/tope/terrain/vendor/laravel/framework/src/Illuminate/Container/BoundMethod.php(35): Illuminate\Container\BoundMethod::callBoundMethod()
#12 /opt/lampp/htdocs/tope/terrain/vendor/laravel/framework/src/Illuminate/Container/Container.php(653): Illuminate\Container\BoundMethod::call()
#13 /opt/lampp/htdocs/tope/terrain/vendor/laravel/framework/src/Illuminate/Foundation/Application.php(924): Illuminate\Container\Container->call()
#14 /opt/lampp/htdocs/tope/terrain/vendor/laravel/framework/src/Illuminate/Foundation/Application.php(905): Illuminate\Foundation\Application->bootProvider()
#15 [internal function]: Illuminate\Foundation\Application->Illuminate\Foundation\{closure}()
#16 /opt/lampp/htdocs/tope/terrain/vendor/laravel/framework/src/Illuminate/Foundation/Application.php(904): array_walk()
#17 /opt/lampp/htdocs/tope/terrain/vendor/laravel/framework/src/Illuminate/Foundation/Bootstrap/BootProviders.php(17): Illuminate\Foundation\Application->boot()
#18 /opt/lampp/htdocs/tope/terrain/vendor/laravel/framework/src/Illuminate/Foundation/Application.php(237): Illuminate\Foundation\Bootstrap\BootProviders->bootstrap()
#19 /opt/lampp/htdocs/tope/terrain/vendor/laravel/framework/src/Illuminate/Foundation/Console/Kernel.php(310): Illuminate\Foundation\Application->bootstrapWith()
#20 /opt/lampp/htdocs/tope/terrain/vendor/laravel/framework/src/Illuminate/Foundation/Console/Kernel.php(127): Illuminate\Foundation\Console\Kernel->bootstrap()
#21 Command line code(1): Illuminate\Foundation\Console\Kernel->handle()
#22 {main}  
[2025-10-24 09:12:56] local.ERROR: An error occurred while fetching rates.  
[2025-10-24 09:19:24] local.ERROR: Trying to access array offset on value of type null (View: /opt/lampp/htdocs/tope/terrain/resources/views/layouts/app.blade.php) {"view":{"view":"/opt/lampp/htdocs/tope/terrain/app/Helpers/PropertyHelper.php","data":[]},"exception":"[object] (Facade\\Ignition\\Exceptions\\ViewException(code: 0): Trying to access array offset on value of type null (View: /opt/lampp/htdocs/tope/terrain/resources/views/layouts/app.blade.php) at /opt/lampp/htdocs/tope/terrain/app/Helpers/PropertyHelper.php:87)
[stacktrace]
#0 /opt/lampp/htdocs/tope/terrain/app/Helpers/PropertyHelper.php(87): Illuminate\\Foundation\\Bootstrap\\HandleExceptions->handleError()
#1 /opt/lampp/htdocs/tope/terrain/app/Http/Livewire/Child/SearchForm.php(94): CurrencyRate()
#2 /opt/lampp/htdocs/tope/terrain/vendor/laravel/framework/src/Illuminate/Container/BoundMethod.php(36): App\\Http\\Livewire\\Child\\SearchForm->render()
#3 /opt/lampp/htdocs/tope/terrain/vendor/laravel/framework/src/Illuminate/Container/Util.php(40): Illuminate\\Container\\BoundMethod::Illuminate\\Container\\{closure}()
#4 /opt/lampp/htdocs/tope/terrain/vendor/laravel/framework/src/Illuminate/Container/BoundMethod.php(93): Illuminate\\Container\\Util::unwrapIfClosure()
#5 /opt/lampp/htdocs/tope/terrain/vendor/laravel/framework/src/Illuminate/Container/BoundMethod.php(35): Illuminate\\Container\\BoundMethod::callBoundMethod()
#6 /opt/lampp/htdocs/tope/terrain/vendor/laravel/framework/src/Illuminate/Container/Container.php(653): Illuminate\\Container\\BoundMethod::call()
#7 /opt/lampp/htdocs/tope/terrain/vendor/livewire/livewire/src/Component.php(173): Illuminate\\Container\\Container->call()
#8 /opt/lampp/htdocs/tope/terrain/vendor/livewire/livewire/src/LifecycleManager.php(131): Livewire\\Component->renderToView()
#9 /opt/lampp/htdocs/tope/terrain/vendor/livewire/livewire/src/LivewireManager.php(131): Livewire\\LifecycleManager->renderToView()
#10 /opt/lampp/htdocs/tope/terrain/vendor/laravel/framework/src/Illuminate/Support/Facades/Facade.php(261): Livewire\\LivewireManager->mount()
#11 /opt/lampp/htdocs/tope/terrain/resources/views/layouts/app.blade.php(61): Illuminate\\Support\\Facades\\Facade::__callStatic()
#12 /opt/lampp/htdocs/tope/terrain/vendor/laravel/framework/src/Illuminate/Filesystem/Filesystem.php(107): require('...')
#13 /opt/lampp/htdocs/tope/terrain/vendor/laravel/framework/src/Illuminate/Filesystem/Filesystem.php(108): Illuminate\\Filesystem\\Filesystem::Illuminate\\Filesystem\\{closure}()
#14 /opt/lampp/htdocs/tope/terrain/vendor/laravel/framework/src/Illuminate/View/Engines/PhpEngine.php(58): Illuminate\\Filesystem\\Filesystem->getRequire()
#15 /opt/lampp/htdocs/tope/terrain/vendor/livewire/livewire/src/ComponentConcerns/RendersLivewireComponents.php(69): Illuminate\\View\\Engines\\PhpEngine->evaluatePath()
#16 /opt/lampp/htdocs/tope/terrain/vendor/laravel/framework/src/Illuminate/View/Engines/CompilerEngine.php(61): Livewire\\CompilerEngineForIgnition->evaluatePath()
#17 /opt/lampp/htdocs/tope/terrain/vendor/facade/ignition/src/Views/Engines/CompilerEngine.php(37): Illuminate\\View\\Engines\\CompilerEngine->get()
#18 /opt/lampp/htdocs/tope/terrain/vendor/livewire/livewire/src/ComponentConcerns/RendersLivewireComponents.php(35): Facade\\Ignition\\Views\\Engines\\CompilerEngine->get()
#19 /opt/lampp/htdocs/tope/terrain/vendor/laravel/framework/src/Illuminate/View/View.php(139): Livewire\\CompilerEngineForIgnition->get()
#20 /opt/lampp/htdocs/tope/terrain/vendor/laravel/framework/src/Illuminate/View/View.php(122): Illuminate\\View\\View->getContents()
#21 /opt/lampp/htdocs/tope/terrain/vendor/laravel/framework/src/Illuminate/View/View.php(91): Illuminate\\View\\View->renderContents()
#22 /opt/lampp/htdocs/tope/terrain/vendor/livewire/livewire/src/Macros/livewire-view-extends.blade.php(6): Illuminate\\View\\View->render()
#23 /opt/lampp/htdocs/tope/terrain/vendor/laravel/framework/src/Illuminate/Filesystem/Filesystem.php(107): require('...')
#24 /opt/lampp/htdocs/tope/terrain/vendor/laravel/framework/src/Illuminate/Filesystem/Filesystem.php(108): Illuminate\\Filesystem\\Filesystem::Illuminate\\Filesystem\\{closure}()
#25 /opt/lampp/htdocs/tope/terrain/vendor/laravel/framework/src/Illuminate/View/Engines/PhpEngine.php(58): Illuminate\\Filesystem\\Filesystem->getRequire()
#26 /opt/lampp/htdocs/tope/terrain/vendor/livewire/livewire/src/ComponentConcerns/RendersLivewireComponents.php(69): Illuminate\\View\\Engines\\PhpEngine->evaluatePath()
#27 /opt/lampp/htdocs/tope/terrain/vendor/laravel/framework/src/Illuminate/View/Engines/CompilerEngine.php(61): Livewire\\CompilerEngineForIgnition->evaluatePath()
#28 /opt/lampp/htdocs/tope/terrain/vendor/facade/ignition/src/Views/Engines/CompilerEngine.php(37): Illuminate\\View\\Engines\\CompilerEngine->get()
#29 /opt/lampp/htdocs/tope/terrain/vendor/livewire/livewire/src/ComponentConcerns/RendersLivewireComponents.php(35): Facade\\Ignition\\Views\\Engines\\CompilerEngine->get()
#30 /opt/lampp/htdocs/tope/terrain/vendor/laravel/framework/src/Illuminate/View/View.php(139): Livewire\\CompilerEngineForIgnition->get()
#31 /opt/lampp/htdocs/tope/terrain/vendor/laravel/framework/src/Illuminate/View/View.php(122): Illuminate\\View\\View->getContents()
#32 /opt/lampp/htdocs/tope/terrain/vendor/laravel/framework/src/Illuminate/View/View.php(91): Illuminate\\View\\View->renderContents()
#33 /opt/lampp/htdocs/tope/terrain/vendor/laravel/framework/src/Illuminate/Http/Response.php(69): Illuminate\\View\\View->render()
#34 /opt/lampp/htdocs/tope/terrain/vendor/laravel/framework/src/Illuminate/Http/Response.php(35): Illuminate\\Http\\Response->setContent()
#35 /opt/lampp/htdocs/tope/terrain/vendor/laravel/framework/src/Illuminate/Routing/Router.php(820): Illuminate\\Http\\Response->__construct()
#36 /opt/lampp/htdocs/tope/terrain/vendor/laravel/framework/src/Illuminate/Routing/Router.php(789): Illuminate\\Routing\\Router::toResponse()
#37 /opt/lampp/htdocs/tope/terrain/vendor/laravel/framework/src/Illuminate/Routing/Router.php(720): Illuminate\\Routing\\Router->prepareResponse()
#38 /opt/lampp/htdocs/tope/terrain/vendor/laravel/framework/src/Illuminate/Pipeline/Pipeline.php(128): Illuminate\\Routing\\Router->Illuminate\\Routing\\{closure}()
#39 /opt/lampp/htdocs/tope/terrain/vendor/laravel/framework/src/Illuminate/Routing/Middleware/SubstituteBindings.php(50): Illuminate\\Pipeline\\Pipeline->Illuminate\\Pipeline\\{closure}()
#40 /opt/lampp/htdocs/tope/terrain/vendor/laravel/framework/src/Illuminate/Pipeline/Pipeline.php(167): Illuminate\\Routing\\Middleware\\SubstituteBindings->handle()
#41 /opt/lampp/htdocs/tope/terrain/vendor/laravel/framework/src/Illuminate/Foundation/Http/Middleware/VerifyCsrfToken.php(78): Illuminate\\Pipeline\\Pipeline->Illuminate\\Pipeline\\{closure}()
#42 /opt/lampp/htdocs/tope/terrain/vendor/laravel/framework/src/Illuminate/Pipeline/Pipeline.php(167): Illuminate\\Foundation\\Http\\Middleware\\VerifyCsrfToken->handle()
#43 /opt/lampp/htdocs/tope/terrain/vendor/laravel/framework/src/Illuminate/View/Middleware/ShareErrorsFromSession.php(49): Illuminate\\Pipeline\\Pipeline->Illuminate\\Pipeline\\{closure}()
#44 /opt/lampp/htdocs/tope/terrain/vendor/laravel/framework/src/Illuminate/Pipeline/Pipeline.php(167): Illuminate\\View\\Middleware\\ShareErrorsFromSession->handle()
#45 /opt/lampp/htdocs/tope/terrain/vendor/laravel/framework/src/Illuminate/Session/Middleware/StartSession.php(121): Illuminate\\Pipeline\\Pipeline->Illuminate\\Pipeline\\{closure}()
#46 /opt/lampp/htdocs/tope/terrain/vendor/laravel/framework/src/Illuminate/Session/Middleware/StartSession.php(64): Illuminate\\Session\\Middleware\\StartSession->handleStatefulRequest()
#47 /opt/lampp/htdocs/tope/terrain/vendor/laravel/framework/src/Illuminate/Pipeline/Pipeline.php(167): Illuminate\\Session\\Middleware\\StartSession->handle()
#48 /opt/lampp/htdocs/tope/terrain/vendor/laravel/framework/src/Illuminate/Cookie/Middleware/AddQueuedCookiesToResponse.php(37): Illuminate\\Pipeline\\Pipeline->Illuminate\\Pipeline\\{closure}()
#49 /opt/lampp/htdocs/tope/terrain/vendor/laravel/framework/src/Illuminate/Pipeline/Pipeline.php(167): Illuminate\\Cookie\\Middleware\\AddQueuedCookiesToResponse->handle()
#50 /opt/lampp/htdocs/tope/terrain/vendor/laravel/framework/src/Illuminate/Cookie/Middleware/EncryptCookies.php(67): Illuminate\\Pipeline\\Pipeline->Illuminate\\Pipeline\\{closure}()
#51 /opt/lampp/htdocs/tope/terrain/vendor/laravel/framework/src/Illuminate/Pipeline/Pipeline.php(167): Illuminate\\Cookie\\Middleware\\EncryptCookies->handle()
#52 /opt/lampp/htdocs/tope/terrain/vendor/laravel/framework/src/Illuminate/Pipeline/Pipeline.php(103): Illuminate\\Pipeline\\Pipeline->Illuminate\\Pipeline\\{closure}()
#53 /opt/lampp/htdocs/tope/terrain/vendor/laravel/framework/src/Illuminate/Routing/Router.php(719): Illuminate\\Pipeline\\Pipeline->then()
#54 /opt/lampp/htdocs/tope/terrain/vendor/laravel/framework/src/Illuminate/Routing/Router.php(698): Illuminate\\Routing\\Router->runRouteWithinStack()
#55 /opt/lampp/htdocs/tope/terrain/vendor/laravel/framework/src/Illuminate/Routing/Router.php(662): Illuminate\\Routing\\Router->runRoute()
#56 /opt/lampp/htdocs/tope/terrain/vendor/laravel/framework/src/Illuminate/Routing/Router.php(651): Illuminate\\Routing\\Router->dispatchToRoute()
#57 /opt/lampp/htdocs/tope/terrain/vendor/laravel/framework/src/Illuminate/Foundation/Http/Kernel.php(167): Illuminate\\Routing\\Router->dispatch()
#58 /opt/lampp/htdocs/tope/terrain/vendor/laravel/framework/src/Illuminate/Pipeline/Pipeline.php(128): Illuminate\\Foundation\\Http\\Kernel->Illuminate\\Foundation\\Http\\{closure}()
#59 /opt/lampp/htdocs/tope/terrain/vendor/livewire/livewire/src/DisableBrowserCache.php(19): Illuminate\\Pipeline\\Pipeline->Illuminate\\Pipeline\\{closure}()
#60 /opt/lampp/htdocs/tope/terrain/vendor/laravel/framework/src/Illuminate/Pipeline/Pipeline.php(167): Livewire\\DisableBrowserCache->handle()
#61 /opt/lampp/htdocs/tope/terrain/vendor/laravel/framework/src/Illuminate/Foundation/Http/Middleware/TransformsRequest.php(21): Illuminate\\Pipeline\\Pipeline->Illuminate\\Pipeline\\{closure}()
#62 /opt/lampp/htdocs/tope/terrain/vendor/laravel/framework/src/Illuminate/Foundation/Http/Middleware/ConvertEmptyStringsToNull.php(31): Illuminate\\Foundation\\Http\\Middleware\\TransformsRequest->handle()
#63 /opt/lampp/htdocs/tope/terrain/vendor/laravel/framework/src/Illuminate/Pipeline/Pipeline.php(167): Illuminate\\Foundation\\Http\\Middleware\\ConvertEmptyStringsToNull->handle()
#64 /opt/lampp/htdocs/tope/terrain/vendor/laravel/framework/src/Illuminate/Foundation/Http/Middleware/TransformsRequest.php(21): Illuminate\\Pipeline\\Pipeline->Illuminate\\Pipeline\\{closure}()
#65 /opt/lampp/htdocs/tope/terrain/vendor/laravel/framework/src/Illuminate/Foundation/Http/Middleware/TrimStrings.php(40): Illuminate\\Foundation\\Http\\Middleware\\TransformsRequest->handle()
#66 /opt/lampp/htdocs/tope/terrain/vendor/laravel/framework/src/Illuminate/Pipeline/Pipeline.php(167): Illuminate\\Foundation\\Http\\Middleware\\TrimStrings->handle()
#67 /opt/lampp/htdocs/tope/terrain/vendor/laravel/framework/src/Illuminate/Foundation/Http/Middleware/ValidatePostSize.php(27): Illuminate\\Pipeline\\Pipeline->Illuminate\\Pipeline\\{closure}()
#68 /opt/lampp/htdocs/tope/terrain/vendor/laravel/framework/src/Illuminate/Pipeline/Pipeline.php(167): Illuminate\\Foundation\\Http\\Middleware\\ValidatePostSize->handle()
#69 /opt/lampp/htdocs/tope/terrain/vendor/laravel/framework/src/Illuminate/Foundation/Http/Middleware/PreventRequestsDuringMaintenance.php(86): Illuminate\\Pipeline\\Pipeline->Illuminate\\Pipeline\\{closure}()
#70 /opt/lampp/htdocs/tope/terrain/vendor/laravel/framework/src/Illuminate/Pipeline/Pipeline.php(167): Illuminate\\Foundation\\Http\\Middleware\\PreventRequestsDuringMaintenance->handle()
#71 /opt/lampp/htdocs/tope/terrain/vendor/fruitcake/laravel-cors/src/HandleCors.php(38): Illuminate\\Pipeline\\Pipeline->Illuminate\\Pipeline\\{closure}()
#72 /opt/lampp/htdocs/tope/terrain/vendor/laravel/framework/src/Illuminate/Pipeline/Pipeline.php(167): Fruitcake\\Cors\\HandleCors->handle()
#73 /opt/lampp/htdocs/tope/terrain/vendor/fideloper/proxy/src/TrustProxies.php(57): Illuminate\\Pipeline\\Pipeline->Illuminate\\Pipeline\\{closure}()
#74 /opt/lampp/htdocs/tope/terrain/vendor/laravel/framework/src/Illuminate/Pipeline/Pipeline.php(167): Fideloper\\Proxy\\TrustProxies->handle()
#75 /opt/lampp/htdocs/tope/terrain/vendor/laravel/framework/src/Illuminate/Pipeline/Pipeline.php(103): Illuminate\\Pipeline\\Pipeline->Illuminate\\Pipeline\\{closure}()
#76 /opt/lampp/htdocs/tope/terrain/vendor/laravel/framework/src/Illuminate/Foundation/Http/Kernel.php(142): Illuminate\\Pipeline\\Pipeline->then()
#77 /opt/lampp/htdocs/tope/terrain/vendor/laravel/framework/src/Illuminate/Foundation/Http/Kernel.php(111): Illuminate\\Foundation\\Http\\Kernel->sendRequestThroughRouter()
#78 /opt/lampp/htdocs/tope/terrain/public/index.php(51): Illuminate\\Foundation\\Http\\Kernel->handle()
#79 /opt/lampp/htdocs/tope/terrain/server.php(21): require_once('...')
#80 {main}

[previous exception] [object] (ErrorException(code: 0): Trying to access array offset on value of type null at /opt/lampp/htdocs/tope/terrain/app/Helpers/PropertyHelper.php:87)
[stacktrace]
#0 /opt/lampp/htdocs/tope/terrain/app/Helpers/PropertyHelper.php(87): Illuminate\\Foundation\\Bootstrap\\HandleExceptions->handleError()
#1 /opt/lampp/htdocs/tope/terrain/app/Http/Livewire/Child/SearchForm.php(94): CurrencyRate()
#2 /opt/lampp/htdocs/tope/terrain/vendor/laravel/framework/src/Illuminate/Container/BoundMethod.php(36): App\\Http\\Livewire\\Child\\SearchForm->render()
#3 /opt/lampp/htdocs/tope/terrain/vendor/laravel/framework/src/Illuminate/Container/Util.php(40): Illuminate\\Container\\BoundMethod::Illuminate\\Container\\{closure}()
#4 /opt/lampp/htdocs/tope/terrain/vendor/laravel/framework/src/Illuminate/Container/BoundMethod.php(93): Illuminate\\Container\\Util::unwrapIfClosure()
#5 /opt/lampp/htdocs/tope/terrain/vendor/laravel/framework/src/Illuminate/Container/BoundMethod.php(35): Illuminate\\Container\\BoundMethod::callBoundMethod()
#6 /opt/lampp/htdocs/tope/terrain/vendor/laravel/framework/src/Illuminate/Container/Container.php(653): Illuminate\\Container\\BoundMethod::call()
#7 /opt/lampp/htdocs/tope/terrain/vendor/livewire/livewire/src/Component.php(173): Illuminate\\Container\\Container->call()
#8 /opt/lampp/htdocs/tope/terrain/vendor/livewire/livewire/src/LifecycleManager.php(131): Livewire\\Component->renderToView()
#9 /opt/lampp/htdocs/tope/terrain/vendor/livewire/livewire/src/LivewireManager.php(131): Livewire\\LifecycleManager->renderToView()
#10 /opt/lampp/htdocs/tope/terrain/vendor/laravel/framework/src/Illuminate/Support/Facades/Facade.php(261): Livewire\\LivewireManager->mount()
#11 /opt/lampp/htdocs/tope/terrain/storage/framework/views/f4d7c87e7590f21985046295c9d6479c259e79f6.php(61): Illuminate\\Support\\Facades\\Facade::__callStatic()
#12 /opt/lampp/htdocs/tope/terrain/vendor/laravel/framework/src/Illuminate/Filesystem/Filesystem.php(107): require('...')
#13 /opt/lampp/htdocs/tope/terrain/vendor/laravel/framework/src/Illuminate/Filesystem/Filesystem.php(108): Illuminate\\Filesystem\\Filesystem::Illuminate\\Filesystem\\{closure}()
#14 /opt/lampp/htdocs/tope/terrain/vendor/laravel/framework/src/Illuminate/View/Engines/PhpEngine.php(58): Illuminate\\Filesystem\\Filesystem->getRequire()
#15 /opt/lampp/htdocs/tope/terrain/vendor/livewire/livewire/src/ComponentConcerns/RendersLivewireComponents.php(69): Illuminate\\View\\Engines\\PhpEngine->evaluatePath()
#16 /opt/lampp/htdocs/tope/terrain/vendor/laravel/framework/src/Illuminate/View/Engines/CompilerEngine.php(61): Livewire\\CompilerEngineForIgnition->evaluatePath()
#17 /opt/lampp/htdocs/tope/terrain/vendor/facade/ignition/src/Views/Engines/CompilerEngine.php(37): Illuminate\\View\\Engines\\CompilerEngine->get()
#18 /opt/lampp/htdocs/tope/terrain/vendor/livewire/livewire/src/ComponentConcerns/RendersLivewireComponents.php(35): Facade\\Ignition\\Views\\Engines\\CompilerEngine->get()
#19 /opt/lampp/htdocs/tope/terrain/vendor/laravel/framework/src/Illuminate/View/View.php(139): Livewire\\CompilerEngineForIgnition->get()
#20 /opt/lampp/htdocs/tope/terrain/vendor/laravel/framework/src/Illuminate/View/View.php(122): Illuminate\\View\\View->getContents()
#21 /opt/lampp/htdocs/tope/terrain/vendor/laravel/framework/src/Illuminate/View/View.php(91): Illuminate\\View\\View->renderContents()
#22 /opt/lampp/htdocs/tope/terrain/storage/framework/views/c4b1ab642f052c368c60a0201aed277b6be55645.php(6): Illuminate\\View\\View->render()
#23 /opt/lampp/htdocs/tope/terrain/vendor/laravel/framework/src/Illuminate/Filesystem/Filesystem.php(107): require('...')
#24 /opt/lampp/htdocs/tope/terrain/vendor/laravel/framework/src/Illuminate/Filesystem/Filesystem.php(108): Illuminate\\Filesystem\\Filesystem::Illuminate\\Filesystem\\{closure}()
#25 /opt/lampp/htdocs/tope/terrain/vendor/laravel/framework/src/Illuminate/View/Engines/PhpEngine.php(58): Illuminate\\Filesystem\\Filesystem->getRequire()
#26 /opt/lampp/htdocs/tope/terrain/vendor/livewire/livewire/src/ComponentConcerns/RendersLivewireComponents.php(69): Illuminate\\View\\Engines\\PhpEngine->evaluatePath()
#27 /opt/lampp/htdocs/tope/terrain/vendor/laravel/framework/src/Illuminate/View/Engines/CompilerEngine.php(61): Livewire\\CompilerEngineForIgnition->evaluatePath()
#28 /opt/lampp/htdocs/tope/terrain/vendor/facade/ignition/src/Views/Engines/CompilerEngine.php(37): Illuminate\\View\\Engines\\CompilerEngine->get()
#29 /opt/lampp/htdocs/tope/terrain/vendor/livewire/livewire/src/ComponentConcerns/RendersLivewireComponents.php(35): Facade\\Ignition\\Views\\Engines\\CompilerEngine->get()
#30 /opt/lampp/htdocs/tope/terrain/vendor/laravel/framework/src/Illuminate/View/View.php(139): Livewire\\CompilerEngineForIgnition->get()
#31 /opt/lampp/htdocs/tope/terrain/vendor/laravel/framework/src/Illuminate/View/View.php(122): Illuminate\\View\\View->getContents()
#32 /opt/lampp/htdocs/tope/terrain/vendor/laravel/framework/src/Illuminate/View/View.php(91): Illuminate\\View\\View->renderContents()
#33 /opt/lampp/htdocs/tope/terrain/vendor/laravel/framework/src/Illuminate/Http/Response.php(69): Illuminate\\View\\View->render()
#34 /opt/lampp/htdocs/tope/terrain/vendor/laravel/framework/src/Illuminate/Http/Response.php(35): Illuminate\\Http\\Response->setContent()
#35 /opt/lampp/htdocs/tope/terrain/vendor/laravel/framework/src/Illuminate/Routing/Router.php(820): Illuminate\\Http\\Response->__construct()
#36 /opt/lampp/htdocs/tope/terrain/vendor/laravel/framework/src/Illuminate/Routing/Router.php(789): Illuminate\\Routing\\Router::toResponse()
#37 /opt/lampp/htdocs/tope/terrain/vendor/laravel/framework/src/Illuminate/Routing/Router.php(720): Illuminate\\Routing\\Router->prepareResponse()
#38 /opt/lampp/htdocs/tope/terrain/vendor/laravel/framework/src/Illuminate/Pipeline/Pipeline.php(128): Illuminate\\Routing\\Router->Illuminate\\Routing\\{closure}()
#39 /opt/lampp/htdocs/tope/terrain/vendor/laravel/framework/src/Illuminate/Routing/Middleware/SubstituteBindings.php(50): Illuminate\\Pipeline\\Pipeline->Illuminate\\Pipeline\\{closure}()
#40 /opt/lampp/htdocs/tope/terrain/vendor/laravel/framework/src/Illuminate/Pipeline/Pipeline.php(167): Illuminate\\Routing\\Middleware\\SubstituteBindings->handle()
#41 /opt/lampp/htdocs/tope/terrain/vendor/laravel/framework/src/Illuminate/Foundation/Http/Middleware/VerifyCsrfToken.php(78): Illuminate\\Pipeline\\Pipeline->Illuminate\\Pipeline\\{closure}()
#42 /opt/lampp/htdocs/tope/terrain/vendor/laravel/framework/src/Illuminate/Pipeline/Pipeline.php(167): Illuminate\\Foundation\\Http\\Middleware\\VerifyCsrfToken->handle()
#43 /opt/lampp/htdocs/tope/terrain/vendor/laravel/framework/src/Illuminate/View/Middleware/ShareErrorsFromSession.php(49): Illuminate\\Pipeline\\Pipeline->Illuminate\\Pipeline\\{closure}()
#44 /opt/lampp/htdocs/tope/terrain/vendor/laravel/framework/src/Illuminate/Pipeline/Pipeline.php(167): Illuminate\\View\\Middleware\\ShareErrorsFromSession->handle()
#45 /opt/lampp/htdocs/tope/terrain/vendor/laravel/framework/src/Illuminate/Session/Middleware/StartSession.php(121): Illuminate\\Pipeline\\Pipeline->Illuminate\\Pipeline\\{closure}()
#46 /opt/lampp/htdocs/tope/terrain/vendor/laravel/framework/src/Illuminate/Session/Middleware/StartSession.php(64): Illuminate\\Session\\Middleware\\StartSession->handleStatefulRequest()
#47 /opt/lampp/htdocs/tope/terrain/vendor/laravel/framework/src/Illuminate/Pipeline/Pipeline.php(167): Illuminate\\Session\\Middleware\\StartSession->handle()
#48 /opt/lampp/htdocs/tope/terrain/vendor/laravel/framework/src/Illuminate/Cookie/Middleware/AddQueuedCookiesToResponse.php(37): Illuminate\\Pipeline\\Pipeline->Illuminate\\Pipeline\\{closure}()
#49 /opt/lampp/htdocs/tope/terrain/vendor/laravel/framework/src/Illuminate/Pipeline/Pipeline.php(167): Illuminate\\Cookie\\Middleware\\AddQueuedCookiesToResponse->handle()
#50 /opt/lampp/htdocs/tope/terrain/vendor/laravel/framework/src/Illuminate/Cookie/Middleware/EncryptCookies.php(67): Illuminate\\Pipeline\\Pipeline->Illuminate\\Pipeline\\{closure}()
#51 /opt/lampp/htdocs/tope/terrain/vendor/laravel/framework/src/Illuminate/Pipeline/Pipeline.php(167): Illuminate\\Cookie\\Middleware\\EncryptCookies->handle()
#52 /opt/lampp/htdocs/tope/terrain/vendor/laravel/framework/src/Illuminate/Pipeline/Pipeline.php(103): Illuminate\\Pipeline\\Pipeline->Illuminate\\Pipeline\\{closure}()
#53 /opt/lampp/htdocs/tope/terrain/vendor/laravel/framework/src/Illuminate/Routing/Router.php(719): Illuminate\\Pipeline\\Pipeline->then()
#54 /opt/lampp/htdocs/tope/terrain/vendor/laravel/framework/src/Illuminate/Routing/Router.php(698): Illuminate\\Routing\\Router->runRouteWithinStack()
#55 /opt/lampp/htdocs/tope/terrain/vendor/laravel/framework/src/Illuminate/Routing/Router.php(662): Illuminate\\Routing\\Router->runRoute()
#56 /opt/lampp/htdocs/tope/terrain/vendor/laravel/framework/src/Illuminate/Routing/Router.php(651): Illuminate\\Routing\\Router->dispatchToRoute()
#57 /opt/lampp/htdocs/tope/terrain/vendor/laravel/framework/src/Illuminate/Foundation/Http/Kernel.php(167): Illuminate\\Routing\\Router->dispatch()
#58 /opt/lampp/htdocs/tope/terrain/vendor/laravel/framework/src/Illuminate/Pipeline/Pipeline.php(128): Illuminate\\Foundation\\Http\\Kernel->Illuminate\\Foundation\\Http\\{closure}()
#59 /opt/lampp/htdocs/tope/terrain/vendor/livewire/livewire/src/DisableBrowserCache.php(19): Illuminate\\Pipeline\\Pipeline->Illuminate\\Pipeline\\{closure}()
#60 /opt/lampp/htdocs/tope/terrain/vendor/laravel/framework/src/Illuminate/Pipeline/Pipeline.php(167): Livewire\\DisableBrowserCache->handle()
#61 /opt/lampp/htdocs/tope/terrain/vendor/laravel/framework/src/Illuminate/Foundation/Http/Middleware/TransformsRequest.php(21): Illuminate\\Pipeline\\Pipeline->Illuminate\\Pipeline\\{closure}()
#62 /opt/lampp/htdocs/tope/terrain/vendor/laravel/framework/src/Illuminate/Foundation/Http/Middleware/ConvertEmptyStringsToNull.php(31): Illuminate\\Foundation\\Http\\Middleware\\TransformsRequest->handle()
#63 /opt/lampp/htdocs/tope/terrain/vendor/laravel/framework/src/Illuminate/Pipeline/Pipeline.php(167): Illuminate\\Foundation\\Http\\Middleware\\ConvertEmptyStringsToNull->handle()
#64 /opt/lampp/htdocs/tope/terrain/vendor/laravel/framework/src/Illuminate/Foundation/Http/Middleware/TransformsRequest.php(21): Illuminate\\Pipeline\\Pipeline->Illuminate\\Pipeline\\{closure}()
#65 /opt/lampp/htdocs/tope/terrain/vendor/laravel/framework/src/Illuminate/Foundation/Http/Middleware/TrimStrings.php(40): Illuminate\\Foundation\\Http\\Middleware\\TransformsRequest->handle()
#66 /opt/lampp/htdocs/tope/terrain/vendor/laravel/framework/src/Illuminate/Pipeline/Pipeline.php(167): Illuminate\\Foundation\\Http\\Middleware\\TrimStrings->handle()
#67 /opt/lampp/htdocs/tope/terrain/vendor/laravel/framework/src/Illuminate/Foundation/Http/Middleware/ValidatePostSize.php(27): Illuminate\\Pipeline\\Pipeline->Illuminate\\Pipeline\\{closure}()
#68 /opt/lampp/htdocs/tope/terrain/vendor/laravel/framework/src/Illuminate/Pipeline/Pipeline.php(167): Illuminate\\Foundation\\Http\\Middleware\\ValidatePostSize->handle()
#69 /opt/lampp/htdocs/tope/terrain/vendor/laravel/framework/src/Illuminate/Foundation/Http/Middleware/PreventRequestsDuringMaintenance.php(86): Illuminate\\Pipeline\\Pipeline->Illuminate\\Pipeline\\{closure}()
#70 /opt/lampp/htdocs/tope/terrain/vendor/laravel/framework/src/Illuminate/Pipeline/Pipeline.php(167): Illuminate\\Foundation\\Http\\Middleware\\PreventRequestsDuringMaintenance->handle()
#71 /opt/lampp/htdocs/tope/terrain/vendor/fruitcake/laravel-cors/src/HandleCors.php(38): Illuminate\\Pipeline\\Pipeline->Illuminate\\Pipeline\\{closure}()
#72 /opt/lampp/htdocs/tope/terrain/vendor/laravel/framework/src/Illuminate/Pipeline/Pipeline.php(167): Fruitcake\\Cors\\HandleCors->handle()
#73 /opt/lampp/htdocs/tope/terrain/vendor/fideloper/proxy/src/TrustProxies.php(57): Illuminate\\Pipeline\\Pipeline->Illuminate\\Pipeline\\{closure}()
#74 /opt/lampp/htdocs/tope/terrain/vendor/laravel/framework/src/Illuminate/Pipeline/Pipeline.php(167): Fideloper\\Proxy\\TrustProxies->handle()
#75 /opt/lampp/htdocs/tope/terrain/vendor/laravel/framework/src/Illuminate/Pipeline/Pipeline.php(103): Illuminate\\Pipeline\\Pipeline->Illuminate\\Pipeline\\{closure}()
#76 /opt/lampp/htdocs/tope/terrain/vendor/laravel/framework/src/Illuminate/Foundation/Http/Kernel.php(142): Illuminate\\Pipeline\\Pipeline->then()
#77 /opt/lampp/htdocs/tope/terrain/vendor/laravel/framework/src/Illuminate/Foundation/Http/Kernel.php(111): Illuminate\\Foundation\\Http\\Kernel->sendRequestThroughRouter()
#78 /opt/lampp/htdocs/tope/terrain/public/index.php(51): Illuminate\\Foundation\\Http\\Kernel->handle()
#79 /opt/lampp/htdocs/tope/terrain/server.php(21): require_once('...')
#80 {main}
"} 
