[2025-10-19 01:24:29] local.ERROR: syntax error, unexpected token "`", expecting ")" {"exception":"[object] (ParseError(code: 0): syntax error, unexpected token \"`\", expecting \")\" at /opt/lampp/htdocs/tope/terrain/routes/web.php:107)
[stacktrace]
#0 /opt/lampp/htdocs/tope/terrain/vendor/laravel/framework/src/Illuminate/Routing/Router.php(425): Illuminate\\Routing\\RouteFileRegistrar->register()
#1 /opt/lampp/htdocs/tope/terrain/vendor/laravel/framework/src/Illuminate/Routing/Router.php(382): Illuminate\\Routing\\Router->loadRoutes()
#2 /opt/lampp/htdocs/tope/terrain/vendor/laravel/framework/src/Illuminate/Routing/RouteRegistrar.php(163): Illuminate\\Routing\\Router->group()
#3 /opt/lampp/htdocs/tope/terrain/app/Providers/RouteServiceProvider.php(48): Illuminate\\Routing\\RouteRegistrar->group()
#4 /opt/lampp/htdocs/tope/terrain/vendor/laravel/framework/src/Illuminate/Container/BoundMethod.php(36): App\\Providers\\RouteServiceProvider->App\\Providers\\{closure}()
#5 /opt/lampp/htdocs/tope/terrain/vendor/laravel/framework/src/Illuminate/Container/Util.php(40): Illuminate\\Container\\BoundMethod::Illuminate\\Container\\{closure}()
#6 /opt/lampp/htdocs/tope/terrain/vendor/laravel/framework/src/Illuminate/Container/BoundMethod.php(81): Illuminate\\Container\\Util::unwrapIfClosure()
#7 /opt/lampp/htdocs/tope/terrain/vendor/laravel/framework/src/Illuminate/Container/BoundMethod.php(35): Illuminate\\Container\\BoundMethod::callBoundMethod()
#8 /opt/lampp/htdocs/tope/terrain/vendor/laravel/framework/src/Illuminate/Container/Container.php(653): Illuminate\\Container\\BoundMethod::call()
#9 /opt/lampp/htdocs/tope/terrain/vendor/laravel/framework/src/Illuminate/Foundation/Support/Providers/RouteServiceProvider.php(120): Illuminate\\Container\\Container->call()
#10 /opt/lampp/htdocs/tope/terrain/vendor/laravel/framework/src/Illuminate/Foundation/Support/Providers/RouteServiceProvider.php(45): Illuminate\\Foundation\\Support\\Providers\\RouteServiceProvider->loadRoutes()
#11 /opt/lampp/htdocs/tope/terrain/vendor/laravel/framework/src/Illuminate/Container/BoundMethod.php(36): Illuminate\\Foundation\\Support\\Providers\\RouteServiceProvider->Illuminate\\Foundation\\Support\\Providers\\{closure}()
#12 /opt/lampp/htdocs/tope/terrain/vendor/laravel/framework/src/Illuminate/Container/Util.php(40): Illuminate\\Container\\BoundMethod::Illuminate\\Container\\{closure}()
#13 /opt/lampp/htdocs/tope/terrain/vendor/laravel/framework/src/Illuminate/Container/BoundMethod.php(81): Illuminate\\Container\\Util::unwrapIfClosure()
#14 /opt/lampp/htdocs/tope/terrain/vendor/laravel/framework/src/Illuminate/Container/BoundMethod.php(35): Illuminate\\Container\\BoundMethod::callBoundMethod()
#15 /opt/lampp/htdocs/tope/terrain/vendor/laravel/framework/src/Illuminate/Container/Container.php(653): Illuminate\\Container\\BoundMethod::call()
#16 /opt/lampp/htdocs/tope/terrain/vendor/laravel/framework/src/Illuminate/Support/ServiceProvider.php(119): Illuminate\\Container\\Container->call()
#17 /opt/lampp/htdocs/tope/terrain/vendor/laravel/framework/src/Illuminate/Foundation/Application.php(927): Illuminate\\Support\\ServiceProvider->callBootedCallbacks()
#18 /opt/lampp/htdocs/tope/terrain/vendor/laravel/framework/src/Illuminate/Foundation/Application.php(905): Illuminate\\Foundation\\Application->bootProvider()
#19 [internal function]: Illuminate\\Foundation\\Application->Illuminate\\Foundation\\{closure}()
#20 /opt/lampp/htdocs/tope/terrain/vendor/laravel/framework/src/Illuminate/Foundation/Application.php(904): array_walk()
#21 /opt/lampp/htdocs/tope/terrain/vendor/laravel/framework/src/Illuminate/Foundation/Bootstrap/BootProviders.php(17): Illuminate\\Foundation\\Application->boot()
#22 /opt/lampp/htdocs/tope/terrain/vendor/laravel/framework/src/Illuminate/Foundation/Application.php(237): Illuminate\\Foundation\\Bootstrap\\BootProviders->bootstrap()
#23 /opt/lampp/htdocs/tope/terrain/vendor/laravel/framework/src/Illuminate/Foundation/Console/Kernel.php(310): Illuminate\\Foundation\\Application->bootstrapWith()
#24 /opt/lampp/htdocs/tope/terrain/vendor/laravel/framework/src/Illuminate/Foundation/Console/Kernel.php(127): Illuminate\\Foundation\\Console\\Kernel->bootstrap()
#25 /opt/lampp/htdocs/tope/terrain/artisan(35): Illuminate\\Foundation\\Console\\Kernel->handle()
#26 {main}
"} 
[2025-10-19 01:24:34] local.ERROR: syntax error, unexpected token "`", expecting ")" {"exception":"[object] (ParseError(code: 0): syntax error, unexpected token \"`\", expecting \")\" at /opt/lampp/htdocs/tope/terrain/routes/web.php:107)
[stacktrace]
#0 /opt/lampp/htdocs/tope/terrain/vendor/laravel/framework/src/Illuminate/Routing/Router.php(425): Illuminate\\Routing\\RouteFileRegistrar->register()
#1 /opt/lampp/htdocs/tope/terrain/vendor/laravel/framework/src/Illuminate/Routing/Router.php(382): Illuminate\\Routing\\Router->loadRoutes()
#2 /opt/lampp/htdocs/tope/terrain/vendor/laravel/framework/src/Illuminate/Routing/RouteRegistrar.php(163): Illuminate\\Routing\\Router->group()
#3 /opt/lampp/htdocs/tope/terrain/app/Providers/RouteServiceProvider.php(48): Illuminate\\Routing\\RouteRegistrar->group()
#4 /opt/lampp/htdocs/tope/terrain/vendor/laravel/framework/src/Illuminate/Container/BoundMethod.php(36): App\\Providers\\RouteServiceProvider->App\\Providers\\{closure}()
#5 /opt/lampp/htdocs/tope/terrain/vendor/laravel/framework/src/Illuminate/Container/Util.php(40): Illuminate\\Container\\BoundMethod::Illuminate\\Container\\{closure}()
#6 /opt/lampp/htdocs/tope/terrain/vendor/laravel/framework/src/Illuminate/Container/BoundMethod.php(81): Illuminate\\Container\\Util::unwrapIfClosure()
#7 /opt/lampp/htdocs/tope/terrain/vendor/laravel/framework/src/Illuminate/Container/BoundMethod.php(35): Illuminate\\Container\\BoundMethod::callBoundMethod()
#8 /opt/lampp/htdocs/tope/terrain/vendor/laravel/framework/src/Illuminate/Container/Container.php(653): Illuminate\\Container\\BoundMethod::call()
#9 /opt/lampp/htdocs/tope/terrain/vendor/laravel/framework/src/Illuminate/Foundation/Support/Providers/RouteServiceProvider.php(120): Illuminate\\Container\\Container->call()
#10 /opt/lampp/htdocs/tope/terrain/vendor/laravel/framework/src/Illuminate/Foundation/Support/Providers/RouteServiceProvider.php(45): Illuminate\\Foundation\\Support\\Providers\\RouteServiceProvider->loadRoutes()
#11 /opt/lampp/htdocs/tope/terrain/vendor/laravel/framework/src/Illuminate/Container/BoundMethod.php(36): Illuminate\\Foundation\\Support\\Providers\\RouteServiceProvider->Illuminate\\Foundation\\Support\\Providers\\{closure}()
#12 /opt/lampp/htdocs/tope/terrain/vendor/laravel/framework/src/Illuminate/Container/Util.php(40): Illuminate\\Container\\BoundMethod::Illuminate\\Container\\{closure}()
#13 /opt/lampp/htdocs/tope/terrain/vendor/laravel/framework/src/Illuminate/Container/BoundMethod.php(81): Illuminate\\Container\\Util::unwrapIfClosure()
#14 /opt/lampp/htdocs/tope/terrain/vendor/laravel/framework/src/Illuminate/Container/BoundMethod.php(35): Illuminate\\Container\\BoundMethod::callBoundMethod()
#15 /opt/lampp/htdocs/tope/terrain/vendor/laravel/framework/src/Illuminate/Container/Container.php(653): Illuminate\\Container\\BoundMethod::call()
#16 /opt/lampp/htdocs/tope/terrain/vendor/laravel/framework/src/Illuminate/Support/ServiceProvider.php(119): Illuminate\\Container\\Container->call()
#17 /opt/lampp/htdocs/tope/terrain/vendor/laravel/framework/src/Illuminate/Foundation/Application.php(927): Illuminate\\Support\\ServiceProvider->callBootedCallbacks()
#18 /opt/lampp/htdocs/tope/terrain/vendor/laravel/framework/src/Illuminate/Foundation/Application.php(905): Illuminate\\Foundation\\Application->bootProvider()
#19 [internal function]: Illuminate\\Foundation\\Application->Illuminate\\Foundation\\{closure}()
#20 /opt/lampp/htdocs/tope/terrain/vendor/laravel/framework/src/Illuminate/Foundation/Application.php(904): array_walk()
#21 /opt/lampp/htdocs/tope/terrain/vendor/laravel/framework/src/Illuminate/Foundation/Bootstrap/BootProviders.php(17): Illuminate\\Foundation\\Application->boot()
#22 /opt/lampp/htdocs/tope/terrain/vendor/laravel/framework/src/Illuminate/Foundation/Application.php(237): Illuminate\\Foundation\\Bootstrap\\BootProviders->bootstrap()
#23 /opt/lampp/htdocs/tope/terrain/vendor/laravel/framework/src/Illuminate/Foundation/Console/Kernel.php(310): Illuminate\\Foundation\\Application->bootstrapWith()
#24 /opt/lampp/htdocs/tope/terrain/vendor/laravel/framework/src/Illuminate/Foundation/Console/Kernel.php(127): Illuminate\\Foundation\\Console\\Kernel->bootstrap()
#25 Command line code(1): Illuminate\\Foundation\\Console\\Kernel->handle()
#26 {main}
"} 
